
*** Running vivado
    with args -log blk_mem_gen_1.vds -m64 -product Vivado -mode batch -messageDb vivado.pb -notrace -source blk_mem_gen_1.tcl


****** Vivado v2018.3 (64-bit)
  **** SW Build 2405991 on Thu Dec  6 23:36:41 MST 2018
  **** IP Build 2404404 on Fri Dec  7 01:43:56 MST 2018
    ** Copyright 1986-2018 Xilinx, Inc. All Rights Reserved.

source blk_mem_gen_1.tcl -notrace
Command: synth_design -top blk_mem_gen_1 -part xc7a100tcsg324-1 -mode out_of_context
Starting synth_design
Attempting to get a license for feature 'Synthesis' and/or device 'xc7a100t'
INFO: [Common 17-349] Got license for feature 'Synthesis' and/or device 'xc7a100t'
INFO: Launching helper process for spawning children vivado processes
INFO: Helper process launched with PID 2258 
---------------------------------------------------------------------------------
Starting RTL Elaboration : Time (s): cpu = 00:00:05 ; elapsed = 00:00:10 . Memory (MB): peak = 1384.059 ; gain = 0.000 ; free physical = 2619 ; free virtual = 9399
---------------------------------------------------------------------------------
INFO: [Synth 8-638] synthesizing module 'blk_mem_gen_1' [/home/rew/Documents/final_project/camera/camera.srcs/sources_1/ip/blk_mem_gen_1_1/synth/blk_mem_gen_1.vhd:73]
	Parameter C_FAMILY bound to: artix7 - type: string 
	Parameter C_XDEVICEFAMILY bound to: artix7 - type: string 
	Parameter C_ELABORATION_DIR bound to: ./ - type: string 
	Parameter C_INTERFACE_TYPE bound to: 0 - type: integer 
	Parameter C_AXI_TYPE bound to: 1 - type: integer 
	Parameter C_AXI_SLAVE_TYPE bound to: 0 - type: integer 
	Parameter C_USE_BRAM_BLOCK bound to: 0 - type: integer 
	Parameter C_ENABLE_32BIT_ADDRESS bound to: 0 - type: integer 
	Parameter C_CTRL_ECC_ALGO bound to: NONE - type: string 
	Parameter C_HAS_AXI_ID bound to: 0 - type: integer 
	Parameter C_AXI_ID_WIDTH bound to: 4 - type: integer 
	Parameter C_MEM_TYPE bound to: 1 - type: integer 
	Parameter C_BYTE_SIZE bound to: 9 - type: integer 
	Parameter C_ALGORITHM bound to: 1 - type: integer 
	Parameter C_PRIM_TYPE bound to: 1 - type: integer 
	Parameter C_LOAD_INIT_FILE bound to: 0 - type: integer 
	Parameter C_INIT_FILE_NAME bound to: no_coe_file_loaded - type: string 
	Parameter C_INIT_FILE bound to: blk_mem_gen_1.mem - type: string 
	Parameter C_USE_DEFAULT_DATA bound to: 0 - type: integer 
	Parameter C_DEFAULT_DATA bound to: 0 - type: string 
	Parameter C_HAS_RSTA bound to: 0 - type: integer 
	Parameter C_RST_PRIORITY_A bound to: CE - type: string 
	Parameter C_RSTRAM_A bound to: 0 - type: integer 
	Parameter C_INITA_VAL bound to: 0 - type: string 
	Parameter C_HAS_ENA bound to: 1 - type: integer 
	Parameter C_HAS_REGCEA bound to: 0 - type: integer 
	Parameter C_USE_BYTE_WEA bound to: 0 - type: integer 
	Parameter C_WEA_WIDTH bound to: 1 - type: integer 
	Parameter C_WRITE_MODE_A bound to: NO_CHANGE - type: string 
	Parameter C_WRITE_WIDTH_A bound to: 64 - type: integer 
	Parameter C_READ_WIDTH_A bound to: 64 - type: integer 
	Parameter C_WRITE_DEPTH_A bound to: 49152 - type: integer 
	Parameter C_READ_DEPTH_A bound to: 49152 - type: integer 
	Parameter C_ADDRA_WIDTH bound to: 16 - type: integer 
	Parameter C_HAS_RSTB bound to: 0 - type: integer 
	Parameter C_RST_PRIORITY_B bound to: CE - type: string 
	Parameter C_RSTRAM_B bound to: 0 - type: integer 
	Parameter C_INITB_VAL bound to: 0 - type: string 
	Parameter C_HAS_ENB bound to: 1 - type: integer 
	Parameter C_HAS_REGCEB bound to: 0 - type: integer 
	Parameter C_USE_BYTE_WEB bound to: 0 - type: integer 
	Parameter C_WEB_WIDTH bound to: 1 - type: integer 
	Parameter C_WRITE_MODE_B bound to: WRITE_FIRST - type: string 
	Parameter C_WRITE_WIDTH_B bound to: 64 - type: integer 
	Parameter C_READ_WIDTH_B bound to: 64 - type: integer 
	Parameter C_WRITE_DEPTH_B bound to: 49152 - type: integer 
	Parameter C_READ_DEPTH_B bound to: 49152 - type: integer 
	Parameter C_ADDRB_WIDTH bound to: 16 - type: integer 
	Parameter C_HAS_MEM_OUTPUT_REGS_A bound to: 0 - type: integer 
	Parameter C_HAS_MEM_OUTPUT_REGS_B bound to: 1 - type: integer 
	Parameter C_HAS_MUX_OUTPUT_REGS_A bound to: 0 - type: integer 
	Parameter C_HAS_MUX_OUTPUT_REGS_B bound to: 0 - type: integer 
	Parameter C_MUX_PIPELINE_STAGES bound to: 0 - type: integer 
	Parameter C_HAS_SOFTECC_INPUT_REGS_A bound to: 0 - type: integer 
	Parameter C_HAS_SOFTECC_OUTPUT_REGS_B bound to: 0 - type: integer 
	Parameter C_USE_SOFTECC bound to: 0 - type: integer 
	Parameter C_USE_ECC bound to: 0 - type: integer 
	Parameter C_EN_ECC_PIPE bound to: 0 - type: integer 
	Parameter C_READ_LATENCY_A bound to: 1 - type: integer 
	Parameter C_READ_LATENCY_B bound to: 1 - type: integer 
	Parameter C_HAS_INJECTERR bound to: 0 - type: integer 
	Parameter C_SIM_COLLISION_CHECK bound to: ALL - type: string 
	Parameter C_COMMON_CLK bound to: 0 - type: integer 
	Parameter C_DISABLE_WARN_BHV_COLL bound to: 0 - type: integer 
	Parameter C_EN_SLEEP_PIN bound to: 0 - type: integer 
	Parameter C_USE_URAM bound to: 0 - type: integer 
	Parameter C_EN_RDADDRA_CHG bound to: 0 - type: integer 
	Parameter C_EN_RDADDRB_CHG bound to: 0 - type: integer 
	Parameter C_EN_DEEPSLEEP_PIN bound to: 0 - type: integer 
	Parameter C_EN_SHUTDOWN_PIN bound to: 0 - type: integer 
	Parameter C_EN_SAFETY_CKT bound to: 0 - type: integer 
	Parameter C_DISABLE_WARN_BHV_RANGE bound to: 0 - type: integer 
	Parameter C_COUNT_36K_BRAM bound to: 85 - type: string 
	Parameter C_COUNT_18K_BRAM bound to: 1 - type: string 
	Parameter C_EST_POWER_SUMMARY bound to: Estimated Power for IP     :     35.737792 mW - type: string 
INFO: [Synth 8-3491] module 'blk_mem_gen_v8_4_2' declared at '/home/rew/Documents/final_project/camera/camera.srcs/sources_1/ip/blk_mem_gen_1_1/hdl/blk_mem_gen_v8_4_vhsyn_rfs.vhd:195321' bound to instance 'U0' of component 'blk_mem_gen_v8_4_2' [/home/rew/Documents/final_project/camera/camera.srcs/sources_1/ip/blk_mem_gen_1_1/synth/blk_mem_gen_1.vhd:243]
INFO: [Synth 8-256] done synthesizing module 'blk_mem_gen_1' (11#1) [/home/rew/Documents/final_project/camera/camera.srcs/sources_1/ip/blk_mem_gen_1_1/synth/blk_mem_gen_1.vhd:73]
WARNING: [Synth 8-3331] design blk_mem_gen_mux__parameterized0 has unconnected port MUX_RST[0]
WARNING: [Synth 8-3331] design blk_mem_gen_mux__parameterized0 has unconnected port MEM_LAT_RST
WARNING: [Synth 8-3331] design blk_mem_gen_mux__parameterized0 has unconnected port MUX_REGCE[0]
WARNING: [Synth 8-3331] design blk_mem_gen_mux__parameterized0 has unconnected port WE
WARNING: [Synth 8-3331] design blk_mem_gen_mux__parameterized0 has unconnected port ADDR_IN[15]
WARNING: [Synth 8-3331] design blk_mem_gen_mux__parameterized0 has unconnected port ADDR_IN[14]
WARNING: [Synth 8-3331] design blk_mem_gen_mux__parameterized0 has unconnected port ADDR_IN[13]
WARNING: [Synth 8-3331] design blk_mem_gen_mux__parameterized0 has unconnected port ADDR_IN[12]
WARNING: [Synth 8-3331] design blk_mem_gen_mux__parameterized0 has unconnected port ADDR_IN[11]
WARNING: [Synth 8-3331] design blk_mem_gen_mux__parameterized0 has unconnected port ADDR_IN[10]
WARNING: [Synth 8-3331] design blk_mem_gen_mux__parameterized0 has unconnected port ADDR_IN[9]
WARNING: [Synth 8-3331] design blk_mem_gen_mux__parameterized0 has unconnected port ADDR_IN[8]
WARNING: [Synth 8-3331] design blk_mem_gen_mux__parameterized0 has unconnected port ADDR_IN[7]
WARNING: [Synth 8-3331] design blk_mem_gen_mux__parameterized0 has unconnected port ADDR_IN[6]
WARNING: [Synth 8-3331] design blk_mem_gen_mux__parameterized0 has unconnected port ADDR_IN[5]
WARNING: [Synth 8-3331] design blk_mem_gen_mux__parameterized0 has unconnected port ADDR_IN[4]
WARNING: [Synth 8-3331] design blk_mem_gen_mux__parameterized0 has unconnected port ADDR_IN[3]
WARNING: [Synth 8-3331] design blk_mem_gen_mux__parameterized0 has unconnected port ADDR_IN[2]
WARNING: [Synth 8-3331] design blk_mem_gen_mux__parameterized0 has unconnected port ADDR_IN[1]
WARNING: [Synth 8-3331] design blk_mem_gen_mux__parameterized0 has unconnected port ADDR_IN[0]
WARNING: [Synth 8-3331] design blk_mem_gen_mux__parameterized0 has unconnected port SBITERRIN[1023]
WARNING: [Synth 8-3331] design blk_mem_gen_mux__parameterized0 has unconnected port SBITERRIN[1022]
WARNING: [Synth 8-3331] design blk_mem_gen_mux__parameterized0 has unconnected port SBITERRIN[1021]
WARNING: [Synth 8-3331] design blk_mem_gen_mux__parameterized0 has unconnected port SBITERRIN[1020]
WARNING: [Synth 8-3331] design blk_mem_gen_mux__parameterized0 has unconnected port SBITERRIN[1019]
WARNING: [Synth 8-3331] design blk_mem_gen_mux__parameterized0 has unconnected port SBITERRIN[1018]
WARNING: [Synth 8-3331] design blk_mem_gen_mux__parameterized0 has unconnected port SBITERRIN[1017]
WARNING: [Synth 8-3331] design blk_mem_gen_mux__parameterized0 has unconnected port SBITERRIN[1016]
WARNING: [Synth 8-3331] design blk_mem_gen_mux__parameterized0 has unconnected port SBITERRIN[1015]
WARNING: [Synth 8-3331] design blk_mem_gen_mux__parameterized0 has unconnected port SBITERRIN[1014]
WARNING: [Synth 8-3331] design blk_mem_gen_mux__parameterized0 has unconnected port SBITERRIN[1013]
WARNING: [Synth 8-3331] design blk_mem_gen_mux__parameterized0 has unconnected port SBITERRIN[1012]
WARNING: [Synth 8-3331] design blk_mem_gen_mux__parameterized0 has unconnected port SBITERRIN[1011]
WARNING: [Synth 8-3331] design blk_mem_gen_mux__parameterized0 has unconnected port SBITERRIN[1010]
WARNING: [Synth 8-3331] design blk_mem_gen_mux__parameterized0 has unconnected port SBITERRIN[1009]
WARNING: [Synth 8-3331] design blk_mem_gen_mux__parameterized0 has unconnected port SBITERRIN[1008]
WARNING: [Synth 8-3331] design blk_mem_gen_mux__parameterized0 has unconnected port SBITERRIN[1007]
WARNING: [Synth 8-3331] design blk_mem_gen_mux__parameterized0 has unconnected port SBITERRIN[1006]
WARNING: [Synth 8-3331] design blk_mem_gen_mux__parameterized0 has unconnected port SBITERRIN[1005]
WARNING: [Synth 8-3331] design blk_mem_gen_mux__parameterized0 has unconnected port SBITERRIN[1004]
WARNING: [Synth 8-3331] design blk_mem_gen_mux__parameterized0 has unconnected port SBITERRIN[1003]
WARNING: [Synth 8-3331] design blk_mem_gen_mux__parameterized0 has unconnected port SBITERRIN[1002]
WARNING: [Synth 8-3331] design blk_mem_gen_mux__parameterized0 has unconnected port SBITERRIN[1001]
WARNING: [Synth 8-3331] design blk_mem_gen_mux__parameterized0 has unconnected port SBITERRIN[1000]
WARNING: [Synth 8-3331] design blk_mem_gen_mux__parameterized0 has unconnected port SBITERRIN[999]
WARNING: [Synth 8-3331] design blk_mem_gen_mux__parameterized0 has unconnected port SBITERRIN[998]
WARNING: [Synth 8-3331] design blk_mem_gen_mux__parameterized0 has unconnected port SBITERRIN[997]
WARNING: [Synth 8-3331] design blk_mem_gen_mux__parameterized0 has unconnected port SBITERRIN[996]
WARNING: [Synth 8-3331] design blk_mem_gen_mux__parameterized0 has unconnected port SBITERRIN[995]
WARNING: [Synth 8-3331] design blk_mem_gen_mux__parameterized0 has unconnected port SBITERRIN[994]
WARNING: [Synth 8-3331] design blk_mem_gen_mux__parameterized0 has unconnected port SBITERRIN[993]
WARNING: [Synth 8-3331] design blk_mem_gen_mux__parameterized0 has unconnected port SBITERRIN[992]
WARNING: [Synth 8-3331] design blk_mem_gen_mux__parameterized0 has unconnected port SBITERRIN[991]
WARNING: [Synth 8-3331] design blk_mem_gen_mux__parameterized0 has unconnected port SBITERRIN[990]
WARNING: [Synth 8-3331] design blk_mem_gen_mux__parameterized0 has unconnected port SBITERRIN[989]
WARNING: [Synth 8-3331] design blk_mem_gen_mux__parameterized0 has unconnected port SBITERRIN[988]
WARNING: [Synth 8-3331] design blk_mem_gen_mux__parameterized0 has unconnected port SBITERRIN[987]
WARNING: [Synth 8-3331] design blk_mem_gen_mux__parameterized0 has unconnected port SBITERRIN[986]
WARNING: [Synth 8-3331] design blk_mem_gen_mux__parameterized0 has unconnected port SBITERRIN[985]
WARNING: [Synth 8-3331] design blk_mem_gen_mux__parameterized0 has unconnected port SBITERRIN[984]
WARNING: [Synth 8-3331] design blk_mem_gen_mux__parameterized0 has unconnected port SBITERRIN[983]
WARNING: [Synth 8-3331] design blk_mem_gen_mux__parameterized0 has unconnected port SBITERRIN[982]
WARNING: [Synth 8-3331] design blk_mem_gen_mux__parameterized0 has unconnected port SBITERRIN[981]
WARNING: [Synth 8-3331] design blk_mem_gen_mux__parameterized0 has unconnected port SBITERRIN[980]
WARNING: [Synth 8-3331] design blk_mem_gen_mux__parameterized0 has unconnected port SBITERRIN[979]
WARNING: [Synth 8-3331] design blk_mem_gen_mux__parameterized0 has unconnected port SBITERRIN[978]
WARNING: [Synth 8-3331] design blk_mem_gen_mux__parameterized0 has unconnected port SBITERRIN[977]
WARNING: [Synth 8-3331] design blk_mem_gen_mux__parameterized0 has unconnected port SBITERRIN[976]
WARNING: [Synth 8-3331] design blk_mem_gen_mux__parameterized0 has unconnected port SBITERRIN[975]
WARNING: [Synth 8-3331] design blk_mem_gen_mux__parameterized0 has unconnected port SBITERRIN[974]
WARNING: [Synth 8-3331] design blk_mem_gen_mux__parameterized0 has unconnected port SBITERRIN[973]
WARNING: [Synth 8-3331] design blk_mem_gen_mux__parameterized0 has unconnected port SBITERRIN[972]
WARNING: [Synth 8-3331] design blk_mem_gen_mux__parameterized0 has unconnected port SBITERRIN[971]
WARNING: [Synth 8-3331] design blk_mem_gen_mux__parameterized0 has unconnected port SBITERRIN[970]
WARNING: [Synth 8-3331] design blk_mem_gen_mux__parameterized0 has unconnected port SBITERRIN[969]
WARNING: [Synth 8-3331] design blk_mem_gen_mux__parameterized0 has unconnected port SBITERRIN[968]
WARNING: [Synth 8-3331] design blk_mem_gen_mux__parameterized0 has unconnected port SBITERRIN[967]
WARNING: [Synth 8-3331] design blk_mem_gen_mux__parameterized0 has unconnected port SBITERRIN[966]
WARNING: [Synth 8-3331] design blk_mem_gen_mux__parameterized0 has unconnected port SBITERRIN[965]
WARNING: [Synth 8-3331] design blk_mem_gen_mux__parameterized0 has unconnected port SBITERRIN[964]
WARNING: [Synth 8-3331] design blk_mem_gen_mux__parameterized0 has unconnected port SBITERRIN[963]
WARNING: [Synth 8-3331] design blk_mem_gen_mux__parameterized0 has unconnected port SBITERRIN[962]
WARNING: [Synth 8-3331] design blk_mem_gen_mux__parameterized0 has unconnected port SBITERRIN[961]
WARNING: [Synth 8-3331] design blk_mem_gen_mux__parameterized0 has unconnected port SBITERRIN[960]
WARNING: [Synth 8-3331] design blk_mem_gen_mux__parameterized0 has unconnected port SBITERRIN[959]
WARNING: [Synth 8-3331] design blk_mem_gen_mux__parameterized0 has unconnected port SBITERRIN[958]
WARNING: [Synth 8-3331] design blk_mem_gen_mux__parameterized0 has unconnected port SBITERRIN[957]
WARNING: [Synth 8-3331] design blk_mem_gen_mux__parameterized0 has unconnected port SBITERRIN[956]
WARNING: [Synth 8-3331] design blk_mem_gen_mux__parameterized0 has unconnected port SBITERRIN[955]
WARNING: [Synth 8-3331] design blk_mem_gen_mux__parameterized0 has unconnected port SBITERRIN[954]
WARNING: [Synth 8-3331] design blk_mem_gen_mux__parameterized0 has unconnected port SBITERRIN[953]
WARNING: [Synth 8-3331] design blk_mem_gen_mux__parameterized0 has unconnected port SBITERRIN[952]
WARNING: [Synth 8-3331] design blk_mem_gen_mux__parameterized0 has unconnected port SBITERRIN[951]
WARNING: [Synth 8-3331] design blk_mem_gen_mux__parameterized0 has unconnected port SBITERRIN[950]
WARNING: [Synth 8-3331] design blk_mem_gen_mux__parameterized0 has unconnected port SBITERRIN[949]
WARNING: [Synth 8-3331] design blk_mem_gen_mux__parameterized0 has unconnected port SBITERRIN[948]
WARNING: [Synth 8-3331] design blk_mem_gen_mux__parameterized0 has unconnected port SBITERRIN[947]
WARNING: [Synth 8-3331] design blk_mem_gen_mux__parameterized0 has unconnected port SBITERRIN[946]
WARNING: [Synth 8-3331] design blk_mem_gen_mux__parameterized0 has unconnected port SBITERRIN[945]
WARNING: [Synth 8-3331] design blk_mem_gen_mux__parameterized0 has unconnected port SBITERRIN[944]
INFO: [Common 17-14] Message 'Synth 8-3331' appears 100 times and further instances of the messages will be disabled. Use the Tcl command set_msg_config to change the current settings.
---------------------------------------------------------------------------------
Finished RTL Elaboration : Time (s): cpu = 00:02:01 ; elapsed = 00:02:12 . Memory (MB): peak = 1612.449 ; gain = 228.391 ; free physical = 2542 ; free virtual = 9292
---------------------------------------------------------------------------------

Report Check Netlist: 
+------+------------------+-------+---------+-------+------------------+
|      |Item              |Errors |Warnings |Status |Description       |
+------+------------------+-------+---------+-------+------------------+
|1     |multi_driven_nets |      0|        0|Passed |Multi driven nets |
+------+------------------+-------+---------+-------+------------------+
---------------------------------------------------------------------------------
Start Handling Custom Attributes
---------------------------------------------------------------------------------
---------------------------------------------------------------------------------
Finished Handling Custom Attributes : Time (s): cpu = 00:02:02 ; elapsed = 00:02:12 . Memory (MB): peak = 1612.449 ; gain = 228.391 ; free physical = 2578 ; free virtual = 9328
---------------------------------------------------------------------------------
---------------------------------------------------------------------------------
Finished RTL Optimization Phase 1 : Time (s): cpu = 00:02:02 ; elapsed = 00:02:12 . Memory (MB): peak = 1612.449 ; gain = 228.391 ; free physical = 2578 ; free virtual = 9328
---------------------------------------------------------------------------------
INFO: [Netlist 29-17] Analyzing 86 Unisim elements for replacement
INFO: [Netlist 29-28] Unisim Transformation completed in 0 CPU seconds
INFO: [Device 21-403] Loading part xc7a100tcsg324-1
INFO: [Project 1-570] Preparing netlist for logic optimization

Processing XDC Constraints
Initializing timing engine
Parsing XDC File [/home/rew/Documents/final_project/camera/camera.srcs/sources_1/ip/blk_mem_gen_1_1/blk_mem_gen_1_ooc.xdc] for cell 'U0'
Finished Parsing XDC File [/home/rew/Documents/final_project/camera/camera.srcs/sources_1/ip/blk_mem_gen_1_1/blk_mem_gen_1_ooc.xdc] for cell 'U0'
Parsing XDC File [/home/rew/Documents/final_project/camera/camera.runs/blk_mem_gen_1_synth_1/dont_touch.xdc]
Finished Parsing XDC File [/home/rew/Documents/final_project/camera/camera.runs/blk_mem_gen_1_synth_1/dont_touch.xdc]
Completed Processing XDC Constraints

Netlist sorting complete. Time (s): cpu = 00:00:00 ; elapsed = 00:00:00 . Memory (MB): peak = 1834.488 ; gain = 0.000 ; free physical = 2320 ; free virtual = 9070
INFO: [Project 1-111] Unisim Transformation Summary:
No Unisim elements were transformed.

Netlist sorting complete. Time (s): cpu = 00:00:00 ; elapsed = 00:00:00.01 . Memory (MB): peak = 1834.488 ; gain = 0.000 ; free physical = 2320 ; free virtual = 9070
Constraint Validation Runtime : Time (s): cpu = 00:00:00.04 ; elapsed = 00:00:00.05 . Memory (MB): peak = 1834.488 ; gain = 0.000 ; free physical = 2319 ; free virtual = 9069
---------------------------------------------------------------------------------
Finished Constraint Validation : Time (s): cpu = 00:02:09 ; elapsed = 00:02:20 . Memory (MB): peak = 1834.488 ; gain = 450.430 ; free physical = 2405 ; free virtual = 9155
---------------------------------------------------------------------------------
---------------------------------------------------------------------------------
Start Loading Part and Timing Information
---------------------------------------------------------------------------------
Loading part: xc7a100tcsg324-1
---------------------------------------------------------------------------------
Finished Loading Part and Timing Information : Time (s): cpu = 00:02:09 ; elapsed = 00:02:20 . Memory (MB): peak = 1834.488 ; gain = 450.430 ; free physical = 2404 ; free virtual = 9154
---------------------------------------------------------------------------------
---------------------------------------------------------------------------------
Start Applying 'set_property' XDC Constraints
---------------------------------------------------------------------------------
Applied set_property DONT_TOUCH = true for U0. (constraint file  /home/rew/Documents/final_project/camera/camera.runs/blk_mem_gen_1_synth_1/dont_touch.xdc, line 9).
---------------------------------------------------------------------------------
Finished applying 'set_property' XDC Constraints : Time (s): cpu = 00:02:09 ; elapsed = 00:02:20 . Memory (MB): peak = 1834.488 ; gain = 450.430 ; free physical = 2406 ; free virtual = 9156
---------------------------------------------------------------------------------
---------------------------------------------------------------------------------
Finished RTL Optimization Phase 2 : Time (s): cpu = 00:02:11 ; elapsed = 00:02:22 . Memory (MB): peak = 1834.488 ; gain = 450.430 ; free physical = 2403 ; free virtual = 9154
---------------------------------------------------------------------------------

Report RTL Partitions: 
+-+--------------+------------+----------+
| |RTL Partition |Replication |Instances |
+-+--------------+------------+----------+
+-+--------------+------------+----------+
---------------------------------------------------------------------------------
Start RTL Component Statistics 
---------------------------------------------------------------------------------
Detailed RTL Component Info : 
+---Registers : 
	               16 Bit    Registers := 1     
	                4 Bit    Registers := 3     
+---Muxes : 
	   2 Input      1 Bit        Muxes := 33    
---------------------------------------------------------------------------------
Finished RTL Component Statistics 
---------------------------------------------------------------------------------
---------------------------------------------------------------------------------
Start RTL Hierarchical Component Statistics 
---------------------------------------------------------------------------------
Hierarchical RTL Component report 
Module bindec 
Detailed RTL Component Info : 
+---Muxes : 
	   2 Input      1 Bit        Muxes := 16    
Module blk_mem_gen_mux 
Detailed RTL Component Info : 
+---Registers : 
	                4 Bit    Registers := 1     
Module blk_mem_gen_mux__parameterized0 
Detailed RTL Component Info : 
+---Registers : 
	               16 Bit    Registers := 1     
	                4 Bit    Registers := 2     
+---Muxes : 
	   2 Input      1 Bit        Muxes := 1     
---------------------------------------------------------------------------------
Finished RTL Hierarchical Component Statistics
---------------------------------------------------------------------------------
---------------------------------------------------------------------------------
Start Part Resource Summary
---------------------------------------------------------------------------------
Part Resources:
DSPs: 240 (col length:80)
BRAMs: 270 (col length: RAMB18 80 RAMB36 40)
---------------------------------------------------------------------------------
Finished Part Resource Summary
---------------------------------------------------------------------------------
---------------------------------------------------------------------------------
Start Cross Boundary and Area Optimization
---------------------------------------------------------------------------------
Warning: Parallel synthesis criteria is not met 
---------------------------------------------------------------------------------
Finished Cross Boundary and Area Optimization : Time (s): cpu = 00:02:12 ; elapsed = 00:02:24 . Memory (MB): peak = 1834.488 ; gain = 450.430 ; free physical = 2373 ; free virtual = 9132
---------------------------------------------------------------------------------

Report RTL Partitions: 
+-+--------------+------------+----------+
| |RTL Partition |Replication |Instances |
+-+--------------+------------+----------+
+-+--------------+------------+----------+
---------------------------------------------------------------------------------
Start Applying XDC Timing Constraints
---------------------------------------------------------------------------------
---------------------------------------------------------------------------------
Finished Applying XDC Timing Constraints : Time (s): cpu = 00:02:18 ; elapsed = 00:02:29 . Memory (MB): peak = 1834.488 ; gain = 450.430 ; free physical = 2268 ; free virtual = 9028
---------------------------------------------------------------------------------
---------------------------------------------------------------------------------
Start Timing Optimization
---------------------------------------------------------------------------------
---------------------------------------------------------------------------------
Finished Timing Optimization : Time (s): cpu = 00:02:18 ; elapsed = 00:02:30 . Memory (MB): peak = 1834.488 ; gain = 450.430 ; free physical = 2260 ; free virtual = 9019
---------------------------------------------------------------------------------

Report RTL Partitions: 
+-+--------------+------------+----------+
| |RTL Partition |Replication |Instances |
+-+--------------+------------+----------+
+-+--------------+------------+----------+
---------------------------------------------------------------------------------
Start Technology Mapping
---------------------------------------------------------------------------------
---------------------------------------------------------------------------------
Finished Technology Mapping : Time (s): cpu = 00:02:18 ; elapsed = 00:02:30 . Memory (MB): peak = 1834.488 ; gain = 450.430 ; free physical = 2257 ; free virtual = 9017
---------------------------------------------------------------------------------

Report RTL Partitions: 
+-+--------------+------------+----------+
| |RTL Partition |Replication |Instances |
+-+--------------+------------+----------+
+-+--------------+------------+----------+
---------------------------------------------------------------------------------
Start IO Insertion
---------------------------------------------------------------------------------
---------------------------------------------------------------------------------
Start Flattening Before IO Insertion
---------------------------------------------------------------------------------
---------------------------------------------------------------------------------
Finished Flattening Before IO Insertion
---------------------------------------------------------------------------------
---------------------------------------------------------------------------------
Start Final Netlist Cleanup
---------------------------------------------------------------------------------
---------------------------------------------------------------------------------
Finished Final Netlist Cleanup
---------------------------------------------------------------------------------
---------------------------------------------------------------------------------
Finished IO Insertion : Time (s): cpu = 00:02:19 ; elapsed = 00:02:30 . Memory (MB): peak = 1834.488 ; gain = 450.430 ; free physical = 2260 ; free virtual = 9020
---------------------------------------------------------------------------------

Report Check Netlist: 
+------+------------------+-------+---------+-------+------------------+
|      |Item              |Errors |Warnings |Status |Description       |
+------+------------------+-------+---------+-------+------------------+
|1     |multi_driven_nets |      0|        0|Passed |Multi driven nets |
+------+------------------+-------+---------+-------+------------------+
---------------------------------------------------------------------------------
Start Renaming Generated Instances
---------------------------------------------------------------------------------
---------------------------------------------------------------------------------
Finished Renaming Generated Instances : Time (s): cpu = 00:02:19 ; elapsed = 00:02:30 . Memory (MB): peak = 1834.488 ; gain = 450.430 ; free physical = 2260 ; free virtual = 9020
---------------------------------------------------------------------------------

Report RTL Partitions: 
+-+--------------+------------+----------+
| |RTL Partition |Replication |Instances |
+-+--------------+------------+----------+
+-+--------------+------------+----------+
---------------------------------------------------------------------------------
Start Rebuilding User Hierarchy
---------------------------------------------------------------------------------
---------------------------------------------------------------------------------
Finished Rebuilding User Hierarchy : Time (s): cpu = 00:02:19 ; elapsed = 00:02:31 . Memory (MB): peak = 1834.488 ; gain = 450.430 ; free physical = 2261 ; free virtual = 9020
---------------------------------------------------------------------------------
---------------------------------------------------------------------------------
Start Renaming Generated Ports
---------------------------------------------------------------------------------
---------------------------------------------------------------------------------
Finished Renaming Generated Ports : Time (s): cpu = 00:02:19 ; elapsed = 00:02:31 . Memory (MB): peak = 1834.488 ; gain = 450.430 ; free physical = 2261 ; free virtual = 9020
---------------------------------------------------------------------------------
---------------------------------------------------------------------------------
Start Handling Custom Attributes
---------------------------------------------------------------------------------
---------------------------------------------------------------------------------
Finished Handling Custom Attributes : Time (s): cpu = 00:02:19 ; elapsed = 00:02:31 . Memory (MB): peak = 1834.488 ; gain = 450.430 ; free physical = 2261 ; free virtual = 9020
---------------------------------------------------------------------------------
---------------------------------------------------------------------------------
Start Renaming Generated Nets
---------------------------------------------------------------------------------
---------------------------------------------------------------------------------
Finished Renaming Generated Nets : Time (s): cpu = 00:02:19 ; elapsed = 00:02:31 . Memory (MB): peak = 1834.488 ; gain = 450.430 ; free physical = 2261 ; free virtual = 9020
---------------------------------------------------------------------------------
---------------------------------------------------------------------------------
Start Writing Synthesis Report
---------------------------------------------------------------------------------

Report BlackBoxes: 
+-+--------------+----------+
| |BlackBox name |Instances |
+-+--------------+----------+
+-+--------------+----------+

Report Cell Usage: 
+------+-----------+------+
|      |Cell       |Count |
+------+-----------+------+
|1     |LUT2       |     2|
|2     |LUT3       |     2|
|3     |LUT4       |     1|
|4     |LUT5       |    87|
|5     |LUT6       |   189|
|6     |RAMB18E1   |     1|
|7     |RAMB36E1   |     1|
|8     |RAMB36E1_1 |    84|
|9     |FDRE       |     8|
+------+-----------+------+

Report Instance Areas: 
+------+---------------------------------------------+------------------------------------------+------+
|      |Instance                                     |Module                                    |Cells |
+------+---------------------------------------------+------------------------------------------+------+
|1     |top                                          |                                          |   375|
|2     |  U0                                         |blk_mem_gen_v8_4_2                        |   375|
|3     |    inst_blk_mem_gen                         |blk_mem_gen_v8_4_2_synth                  |   375|
|4     |      \gnbram.gnativebmg.native_blk_mem_gen  |blk_mem_gen_top                           |   375|
|5     |        \valid.cstr                          |blk_mem_gen_generic_cstr                  |   375|
|6     |          \bindec_a.bindec_inst_a            |bindec                                    |    12|
|7     |          \bindec_b.bindec_inst_b            |bindec_0                                  |    12|
|8     |          \has_mux_b.B                       |blk_mem_gen_mux__parameterized0           |   261|
|9     |          \ramloop[0].ram.r                  |blk_mem_gen_prim_width                    |     1|
|10    |            \prim_noinit.ram                 |blk_mem_gen_prim_wrapper                  |     1|
|11    |          \ramloop[10].ram.r                 |blk_mem_gen_prim_width__parameterized9    |     1|
|12    |            \prim_noinit.ram                 |blk_mem_gen_prim_wrapper__parameterized9  |     1|
|13    |          \ramloop[11].ram.r                 |blk_mem_gen_prim_width__parameterized10   |     1|
|14    |            \prim_noinit.ram                 |blk_mem_gen_prim_wrapper__parameterized10 |     1|
|15    |          \ramloop[12].ram.r                 |blk_mem_gen_prim_width__parameterized11   |     1|
|16    |            \prim_noinit.ram                 |blk_mem_gen_prim_wrapper__parameterized11 |     1|
|17    |          \ramloop[13].ram.r                 |blk_mem_gen_prim_width__parameterized12   |     1|
|18    |            \prim_noinit.ram                 |blk_mem_gen_prim_wrapper__parameterized12 |     1|
|19    |          \ramloop[14].ram.r                 |blk_mem_gen_prim_width__parameterized13   |     1|
|20    |            \prim_noinit.ram                 |blk_mem_gen_prim_wrapper__parameterized13 |     1|
|21    |          \ramloop[15].ram.r                 |blk_mem_gen_prim_width__parameterized14   |     1|
|22    |            \prim_noinit.ram                 |blk_mem_gen_prim_wrapper__parameterized14 |     1|
|23    |          \ramloop[16].ram.r                 |blk_mem_gen_prim_width__parameterized15   |     1|
|24    |            \prim_noinit.ram                 |blk_mem_gen_prim_wrapper__parameterized15 |     1|
|25    |          \ramloop[17].ram.r                 |blk_mem_gen_prim_width__parameterized16   |     1|
|26    |            \prim_noinit.ram                 |blk_mem_gen_prim_wrapper__parameterized16 |     1|
|27    |          \ramloop[18].ram.r                 |blk_mem_gen_prim_width__parameterized17   |     1|
|28    |            \prim_noinit.ram                 |blk_mem_gen_prim_wrapper__parameterized17 |     1|
|29    |          \ramloop[19].ram.r                 |blk_mem_gen_prim_width__parameterized18   |     1|
|30    |            \prim_noinit.ram                 |blk_mem_gen_prim_wrapper__parameterized18 |     1|
|31    |          \ramloop[1].ram.r                  |blk_mem_gen_prim_width__parameterized0    |     1|
|32    |            \prim_noinit.ram                 |blk_mem_gen_prim_wrapper__parameterized0  |     1|
|33    |          \ramloop[20].ram.r                 |blk_mem_gen_prim_width__parameterized19   |     1|
|34    |            \prim_noinit.ram                 |blk_mem_gen_prim_wrapper__parameterized19 |     1|
|35    |          \ramloop[21].ram.r                 |blk_mem_gen_prim_width__parameterized20   |     1|
|36    |            \prim_noinit.ram                 |blk_mem_gen_prim_wrapper__parameterized20 |     1|
|37    |          \ramloop[22].ram.r                 |blk_mem_gen_prim_width__parameterized21   |     1|
|38    |            \prim_noinit.ram                 |blk_mem_gen_prim_wrapper__parameterized21 |     1|
|39    |          \ramloop[23].ram.r                 |blk_mem_gen_prim_width__parameterized22   |     1|
|40    |            \prim_noinit.ram                 |blk_mem_gen_prim_wrapper__parameterized22 |     1|
|41    |          \ramloop[24].ram.r                 |blk_mem_gen_prim_width__parameterized23   |     1|
|42    |            \prim_noinit.ram                 |blk_mem_gen_prim_wrapper__parameterized23 |     1|
|43    |          \ramloop[25].ram.r                 |blk_mem_gen_prim_width__parameterized24   |     1|
|44    |            \prim_noinit.ram                 |blk_mem_gen_prim_wrapper__parameterized24 |     1|
|45    |          \ramloop[26].ram.r                 |blk_mem_gen_prim_width__parameterized25   |     1|
|46    |            \prim_noinit.ram                 |blk_mem_gen_prim_wrapper__parameterized25 |     1|
|47    |          \ramloop[27].ram.r                 |blk_mem_gen_prim_width__parameterized26   |     1|
|48    |            \prim_noinit.ram                 |blk_mem_gen_prim_wrapper__parameterized26 |     1|
|49    |          \ramloop[28].ram.r                 |blk_mem_gen_prim_width__parameterized27   |     1|
|50    |            \prim_noinit.ram                 |blk_mem_gen_prim_wrapper__parameterized27 |     1|
|51    |          \ramloop[29].ram.r                 |blk_mem_gen_prim_width__parameterized28   |     1|
|52    |            \prim_noinit.ram                 |blk_mem_gen_prim_wrapper__parameterized28 |     1|
|53    |          \ramloop[2].ram.r                  |blk_mem_gen_prim_width__parameterized1    |     1|
|54    |            \prim_noinit.ram                 |blk_mem_gen_prim_wrapper__parameterized1  |     1|
|55    |          \ramloop[30].ram.r                 |blk_mem_gen_prim_width__parameterized29   |     1|
|56    |            \prim_noinit.ram                 |blk_mem_gen_prim_wrapper__parameterized29 |     1|
|57    |          \ramloop[31].ram.r                 |blk_mem_gen_prim_width__parameterized30   |     1|
|58    |            \prim_noinit.ram                 |blk_mem_gen_prim_wrapper__parameterized30 |     1|
|59    |          \ramloop[32].ram.r                 |blk_mem_gen_prim_width__parameterized31   |     1|
|60    |            \prim_noinit.ram                 |blk_mem_gen_prim_wrapper__parameterized31 |     1|
|61    |          \ramloop[33].ram.r                 |blk_mem_gen_prim_width__parameterized32   |     1|
|62    |            \prim_noinit.ram                 |blk_mem_gen_prim_wrapper__parameterized32 |     1|
|63    |          \ramloop[34].ram.r                 |blk_mem_gen_prim_width__parameterized33   |     1|
|64    |            \prim_noinit.ram                 |blk_mem_gen_prim_wrapper__parameterized33 |     1|
|65    |          \ramloop[35].ram.r                 |blk_mem_gen_prim_width__parameterized34   |     1|
|66    |            \prim_noinit.ram                 |blk_mem_gen_prim_wrapper__parameterized34 |     1|
|67    |          \ramloop[36].ram.r                 |blk_mem_gen_prim_width__parameterized35   |     1|
|68    |            \prim_noinit.ram                 |blk_mem_gen_prim_wrapper__parameterized35 |     1|
|69    |          \ramloop[37].ram.r                 |blk_mem_gen_prim_width__parameterized36   |     1|
|70    |            \prim_noinit.ram                 |blk_mem_gen_prim_wrapper__parameterized36 |     1|
|71    |          \ramloop[38].ram.r                 |blk_mem_gen_prim_width__parameterized37   |     1|
|72    |            \prim_noinit.ram                 |blk_mem_gen_prim_wrapper__parameterized37 |     1|
|73    |          \ramloop[39].ram.r                 |blk_mem_gen_prim_width__parameterized38   |     1|
|74    |            \prim_noinit.ram                 |blk_mem_gen_prim_wrapper__parameterized38 |     1|
|75    |          \ramloop[3].ram.r                  |blk_mem_gen_prim_width__parameterized2    |     1|
|76    |            \prim_noinit.ram                 |blk_mem_gen_prim_wrapper__parameterized2  |     1|
|77    |          \ramloop[40].ram.r                 |blk_mem_gen_prim_width__parameterized39   |     1|
|78    |            \prim_noinit.ram                 |blk_mem_gen_prim_wrapper__parameterized39 |     1|
|79    |          \ramloop[41].ram.r                 |blk_mem_gen_prim_width__parameterized40   |     1|
|80    |            \prim_noinit.ram                 |blk_mem_gen_prim_wrapper__parameterized40 |     1|
|81    |          \ramloop[42].ram.r                 |blk_mem_gen_prim_width__parameterized41   |     1|
|82    |            \prim_noinit.ram                 |blk_mem_gen_prim_wrapper__parameterized41 |     1|
|83    |          \ramloop[43].ram.r                 |blk_mem_gen_prim_width__parameterized42   |     1|
|84    |            \prim_noinit.ram                 |blk_mem_gen_prim_wrapper__parameterized42 |     1|
|85    |          \ramloop[44].ram.r                 |blk_mem_gen_prim_width__parameterized43   |     1|
|86    |            \prim_noinit.ram                 |blk_mem_gen_prim_wrapper__parameterized43 |     1|
|87    |          \ramloop[45].ram.r                 |blk_mem_gen_prim_width__parameterized44   |     1|
|88    |            \prim_noinit.ram                 |blk_mem_gen_prim_wrapper__parameterized44 |     1|
|89    |          \ramloop[46].ram.r                 |blk_mem_gen_prim_width__parameterized45   |     1|
|90    |            \prim_noinit.ram                 |blk_mem_gen_prim_wrapper__parameterized45 |     1|
|91    |          \ramloop[47].ram.r                 |blk_mem_gen_prim_width__parameterized46   |     1|
|92    |            \prim_noinit.ram                 |blk_mem_gen_prim_wrapper__parameterized46 |     1|
|93    |          \ramloop[48].ram.r                 |blk_mem_gen_prim_width__parameterized47   |     1|
|94    |            \prim_noinit.ram                 |blk_mem_gen_prim_wrapper__parameterized47 |     1|
|95    |          \ramloop[49].ram.r                 |blk_mem_gen_prim_width__parameterized48   |     1|
|96    |            \prim_noinit.ram                 |blk_mem_gen_prim_wrapper__parameterized48 |     1|
|97    |          \ramloop[4].ram.r                  |blk_mem_gen_prim_width__parameterized3    |     1|
|98    |            \prim_noinit.ram                 |blk_mem_gen_prim_wrapper__parameterized3  |     1|
|99    |          \ramloop[50].ram.r                 |blk_mem_gen_prim_width__parameterized49   |     1|
|100   |            \prim_noinit.ram                 |blk_mem_gen_prim_wrapper__parameterized49 |     1|
|101   |          \ramloop[51].ram.r                 |blk_mem_gen_prim_width__parameterized50   |     1|
|102   |            \prim_noinit.ram                 |blk_mem_gen_prim_wrapper__parameterized50 |     1|
|103   |          \ramloop[52].ram.r                 |blk_mem_gen_prim_width__parameterized51   |     1|
|104   |            \prim_noinit.ram                 |blk_mem_gen_prim_wrapper__parameterized51 |     1|
|105   |          \ramloop[53].ram.r                 |blk_mem_gen_prim_width__parameterized52   |     1|
|106   |            \prim_noinit.ram                 |blk_mem_gen_prim_wrapper__parameterized52 |     1|
|107   |          \ramloop[54].ram.r                 |blk_mem_gen_prim_width__parameterized53   |     1|
|108   |            \prim_noinit.ram                 |blk_mem_gen_prim_wrapper__parameterized53 |     1|
|109   |          \ramloop[55].ram.r                 |blk_mem_gen_prim_width__parameterized54   |     1|
|110   |            \prim_noinit.ram                 |blk_mem_gen_prim_wrapper__parameterized54 |     1|
|111   |          \ramloop[56].ram.r                 |blk_mem_gen_prim_width__parameterized55   |     1|
|112   |            \prim_noinit.ram                 |blk_mem_gen_prim_wrapper__parameterized55 |     1|
|113   |          \ramloop[57].ram.r                 |blk_mem_gen_prim_width__parameterized56   |     1|
|114   |            \prim_noinit.ram                 |blk_mem_gen_prim_wrapper__parameterized56 |     1|
|115   |          \ramloop[58].ram.r                 |blk_mem_gen_prim_width__parameterized57   |     1|
|116   |            \prim_noinit.ram                 |blk_mem_gen_prim_wrapper__parameterized57 |     1|
|117   |          \ramloop[59].ram.r                 |blk_mem_gen_prim_width__parameterized58   |     1|
|118   |            \prim_noinit.ram                 |blk_mem_gen_prim_wrapper__parameterized58 |     1|
|119   |          \ramloop[5].ram.r                  |blk_mem_gen_prim_width__parameterized4    |     1|
|120   |            \prim_noinit.ram                 |blk_mem_gen_prim_wrapper__parameterized4  |     1|
|121   |          \ramloop[60].ram.r                 |blk_mem_gen_prim_width__parameterized59   |     1|
|122   |            \prim_noinit.ram                 |blk_mem_gen_prim_wrapper__parameterized59 |     1|
|123   |          \ramloop[61].ram.r                 |blk_mem_gen_prim_width__parameterized60   |     1|
|124   |            \prim_noinit.ram                 |blk_mem_gen_prim_wrapper__parameterized60 |     1|
|125   |          \ramloop[62].ram.r                 |blk_mem_gen_prim_width__parameterized61   |     1|
|126   |            \prim_noinit.ram                 |blk_mem_gen_prim_wrapper__parameterized61 |     1|
|127   |          \ramloop[63].ram.r                 |blk_mem_gen_prim_width__parameterized62   |     1|
|128   |            \prim_noinit.ram                 |blk_mem_gen_prim_wrapper__parameterized62 |     1|
|129   |          \ramloop[64].ram.r                 |blk_mem_gen_prim_width__parameterized63   |     1|
|130   |            \prim_noinit.ram                 |blk_mem_gen_prim_wrapper__parameterized63 |     1|
|131   |          \ramloop[65].ram.r                 |blk_mem_gen_prim_width__parameterized64   |     1|
|132   |            \prim_noinit.ram                 |blk_mem_gen_prim_wrapper__parameterized64 |     1|
|133   |          \ramloop[66].ram.r                 |blk_mem_gen_prim_width__parameterized65   |     1|
|134   |            \prim_noinit.ram                 |blk_mem_gen_prim_wrapper__parameterized65 |     1|
|135   |          \ramloop[67].ram.r                 |blk_mem_gen_prim_width__parameterized66   |     1|
|136   |            \prim_noinit.ram                 |blk_mem_gen_prim_wrapper__parameterized66 |     1|
|137   |          \ramloop[68].ram.r                 |blk_mem_gen_prim_width__parameterized67   |     1|
|138   |            \prim_noinit.ram                 |blk_mem_gen_prim_wrapper__parameterized67 |     1|
|139   |          \ramloop[69].ram.r                 |blk_mem_gen_prim_width__parameterized68   |     1|
|140   |            \prim_noinit.ram                 |blk_mem_gen_prim_wrapper__parameterized68 |     1|
|141   |          \ramloop[6].ram.r                  |blk_mem_gen_prim_width__parameterized5    |     1|
|142   |            \prim_noinit.ram                 |blk_mem_gen_prim_wrapper__parameterized5  |     1|
|143   |          \ramloop[70].ram.r                 |blk_mem_gen_prim_width__parameterized69   |     1|
|144   |            \prim_noinit.ram                 |blk_mem_gen_prim_wrapper__parameterized69 |     1|
|145   |          \ramloop[71].ram.r                 |blk_mem_gen_prim_width__parameterized70   |     1|
|146   |            \prim_noinit.ram                 |blk_mem_gen_prim_wrapper__parameterized70 |     1|
|147   |          \ramloop[72].ram.r                 |blk_mem_gen_prim_width__parameterized71   |     1|
|148   |            \prim_noinit.ram                 |blk_mem_gen_prim_wrapper__parameterized71 |     1|
|149   |          \ramloop[73].ram.r                 |blk_mem_gen_prim_width__parameterized72   |     1|
|150   |            \prim_noinit.ram                 |blk_mem_gen_prim_wrapper__parameterized72 |     1|
|151   |          \ramloop[74].ram.r                 |blk_mem_gen_prim_width__parameterized73   |     1|
|152   |            \prim_noinit.ram                 |blk_mem_gen_prim_wrapper__parameterized73 |     1|
|153   |          \ramloop[75].ram.r                 |blk_mem_gen_prim_width__parameterized74   |     1|
|154   |            \prim_noinit.ram                 |blk_mem_gen_prim_wrapper__parameterized74 |     1|
|155   |          \ramloop[76].ram.r                 |blk_mem_gen_prim_width__parameterized75   |     1|
|156   |            \prim_noinit.ram                 |blk_mem_gen_prim_wrapper__parameterized75 |     1|
|157   |          \ramloop[77].ram.r                 |blk_mem_gen_prim_width__parameterized76   |     1|
|158   |            \prim_noinit.ram                 |blk_mem_gen_prim_wrapper__parameterized76 |     1|
|159   |          \ramloop[78].ram.r                 |blk_mem_gen_prim_width__parameterized77   |     1|
|160   |            \prim_noinit.ram                 |blk_mem_gen_prim_wrapper__parameterized77 |     1|
|161   |          \ramloop[79].ram.r                 |blk_mem_gen_prim_width__parameterized78   |     1|
|162   |            \prim_noinit.ram                 |blk_mem_gen_prim_wrapper__parameterized78 |     1|
|163   |          \ramloop[7].ram.r                  |blk_mem_gen_prim_width__parameterized6    |     1|
|164   |            \prim_noinit.ram                 |blk_mem_gen_prim_wrapper__parameterized6  |     1|
|165   |          \ramloop[80].ram.r                 |blk_mem_gen_prim_width__parameterized79   |     1|
|166   |            \prim_noinit.ram                 |blk_mem_gen_prim_wrapper__parameterized79 |     1|
|167   |          \ramloop[81].ram.r                 |blk_mem_gen_prim_width__parameterized80   |     1|
|168   |            \prim_noinit.ram                 |blk_mem_gen_prim_wrapper__parameterized80 |     1|
|169   |          \ramloop[82].ram.r                 |blk_mem_gen_prim_width__parameterized81   |     1|
|170   |            \prim_noinit.ram                 |blk_mem_gen_prim_wrapper__parameterized81 |     1|
|171   |          \ramloop[83].ram.r                 |blk_mem_gen_prim_width__parameterized82   |     1|
|172   |            \prim_noinit.ram                 |blk_mem_gen_prim_wrapper__parameterized82 |     1|
|173   |          \ramloop[84].ram.r                 |blk_mem_gen_prim_width__parameterized83   |     1|
|174   |            \prim_noinit.ram                 |blk_mem_gen_prim_wrapper__parameterized83 |     1|
|175   |          \ramloop[85].ram.r                 |blk_mem_gen_prim_width__parameterized84   |     1|
|176   |            \prim_noinit.ram                 |blk_mem_gen_prim_wrapper__parameterized84 |     1|
|177   |          \ramloop[8].ram.r                  |blk_mem_gen_prim_width__parameterized7    |     1|
|178   |            \prim_noinit.ram                 |blk_mem_gen_prim_wrapper__parameterized7  |     1|
|179   |          \ramloop[9].ram.r                  |blk_mem_gen_prim_width__parameterized8    |     1|
|180   |            \prim_noinit.ram                 |blk_mem_gen_prim_wrapper__parameterized8  |     1|
+------+---------------------------------------------+------------------------------------------+------+
---------------------------------------------------------------------------------
Finished Writing Synthesis Report : Time (s): cpu = 00:02:19 ; elapsed = 00:02:31 . Memory (MB): peak = 1834.488 ; gain = 450.430 ; free physical = 2261 ; free virtual = 9020
---------------------------------------------------------------------------------
Synthesis finished with 0 errors, 0 critical warnings and 4451 warnings.
Synthesis Optimization Runtime : Time (s): cpu = 00:02:14 ; elapsed = 00:02:25 . Memory (MB): peak = 1834.488 ; gain = 228.391 ; free physical = 2312 ; free virtual = 9071
Synthesis Optimization Complete : Time (s): cpu = 00:02:19 ; elapsed = 00:02:31 . Memory (MB): peak = 1834.488 ; gain = 450.430 ; free physical = 2312 ; free virtual = 9071
INFO: [Project 1-571] Translating synthesized netlist
INFO: [Netlist 29-17] Analyzing 86 Unisim elements for replacement
INFO: [Netlist 29-28] Unisim Transformation completed in 0 CPU seconds
INFO: [Project 1-570] Preparing netlist for logic optimization
INFO: [Opt 31-138] Pushed 0 inverter(s) to 0 load pin(s).
Netlist sorting complete. Time (s): cpu = 00:00:00 ; elapsed = 00:00:00 . Memory (MB): peak = 1834.488 ; gain = 0.000 ; free physical = 2257 ; free virtual = 9017
INFO: [Project 1-111] Unisim Transformation Summary:
No Unisim elements were transformed.

INFO: [Common 17-83] Releasing license: Synthesis
17 Infos, 100 Warnings, 0 Critical Warnings and 0 Errors encountered.
synth_design completed successfully
synth_design: Time (s): cpu = 00:02:21 ; elapsed = 00:02:32 . Memory (MB): peak = 1834.488 ; gain = 450.508 ; free physical = 2319 ; free virtual = 9079
Netlist sorting complete. Time (s): cpu = 00:00:00 ; elapsed = 00:00:00 . Memory (MB): peak = 1834.488 ; gain = 0.000 ; free physical = 2319 ; free virtual = 9079
WARNING: [Constraints 18-5210] No constraints selected for write.
Resolution: This message can indicate that there are no constraints for the design, or it can indicate that the used_in flags are set such that the constraints are ignored. This later case is used when running synth_design to not write synthesis constraints to the resulting checkpoint. Instead, project constraints are read when the synthesized design is opened.
INFO: [Common 17-1381] The checkpoint '/home/rew/Documents/final_project/camera/camera.runs/blk_mem_gen_1_synth_1/blk_mem_gen_1.dcp' has been generated.
INFO: [Coretcl 2-1648] Added synthesis output to IP cache for IP blk_mem_gen_1, cache-ID = a6091ceb361947d4
INFO: [Coretcl 2-1174] Renamed 179 cell refs.
Netlist sorting complete. Time (s): cpu = 00:00:00 ; elapsed = 00:00:00 . Memory (MB): peak = 1834.488 ; gain = 0.000 ; free physical = 2305 ; free virtual = 9070
WARNING: [Constraints 18-5210] No constraints selected for write.
Resolution: This message can indicate that there are no constraints for the design, or it can indicate that the used_in flags are set such that the constraints are ignored. This later case is used when running synth_design to not write synthesis constraints to the resulting checkpoint. Instead, project constraints are read when the synthesized design is opened.
INFO: [Common 17-1381] The checkpoint '/home/rew/Documents/final_project/camera/camera.runs/blk_mem_gen_1_synth_1/blk_mem_gen_1.dcp' has been generated.
INFO: [runtcl-4] Executing : report_utilization -file blk_mem_gen_1_utilization_synth.rpt -pb blk_mem_gen_1_utilization_synth.pb
INFO: [Common 17-206] Exiting Vivado at Sat Nov 23 18:25:59 2019...
