Vivado Simulator 2018.3
Time resolution is 1 ps
ROW:    0	COL:    0	ADDR:      0	DATA:  x
ROW:    0	COL:    1	ADDR:      1	DATA:  0
ROW:    0	COL:    2	ADDR:      2	DATA:  0
ROW:    0	COL:    3	ADDR:      3	DATA:  0
ROW:    0	COL:    4	ADDR:      4	DATA:  0
ROW:    0	COL:    5	ADDR:      5	DATA:  0
ROW:    0	COL:    6	ADDR:      6	DATA:  0
ROW:    0	COL:    7	ADDR:      7	DATA:  0
ROW:    0	COL:    8	ADDR:      8	DATA:  0
ROW:    0	COL:    9	ADDR:      9	DATA:  0
ROW:    0	COL:   10	ADDR:     10	DATA:  0
ROW:    0	COL:   11	ADDR:     11	DATA:  0
ROW:    0	COL:   12	ADDR:     12	DATA:  0
ROW:    0	COL:   13	ADDR:     13	DATA:  0
ROW:    0	COL:   14	ADDR:     14	DATA:  0
ROW:    0	COL:   15	ADDR:     15	DATA:  0
ROW:    0	COL:   16	ADDR:     16	DATA:  0
ROW:    0	COL:   17	ADDR:     17	DATA:  0
ROW:    0	COL:   18	ADDR:     18	DATA:  0
ROW:    0	COL:   19	ADDR:     19	DATA:  0
ROW:    0	COL:   20	ADDR:     20	DATA:  0
ROW:    0	COL:   21	ADDR:     21	DATA:  0
ROW:    0	COL:   22	ADDR:     22	DATA:  0
ROW:    0	COL:   23	ADDR:     23	DATA:  0
ROW:    0	COL:   24	ADDR:     24	DATA:  0
ROW:    0	COL:   25	ADDR:     25	DATA:  0
ROW:    0	COL:   26	ADDR:     26	DATA:  0
ROW:    0	COL:   27	ADDR:     27	DATA:  0
ROW:    0	COL:   28	ADDR:     28	DATA:  0
ROW:    0	COL:   29	ADDR:     29	DATA:  0
ROW:    0	COL:   30	ADDR:     30	DATA:  0
ROW:    0	COL:   31	ADDR:     31	DATA:  0
ROW:    0	COL:   32	ADDR:     32	DATA:  0
ROW:    0	COL:   33	ADDR:     33	DATA:  0
ROW:    0	COL:   34	ADDR:     34	DATA:  0
ROW:    0	COL:   35	ADDR:     35	DATA:  0
ROW:    0	COL:   36	ADDR:     36	DATA:  0
ROW:    0	COL:   37	ADDR:     37	DATA:  0
ROW:    0	COL:   38	ADDR:     38	DATA:  0
ROW:    0	COL:   39	ADDR:     39	DATA:  0
ROW:    0	COL:   40	ADDR:     40	DATA:  0
ROW:    0	COL:   41	ADDR:     41	DATA:  0
ROW:    0	COL:   42	ADDR:     42	DATA:  0
ROW:    0	COL:   43	ADDR:     43	DATA:  0
ROW:    0	COL:   44	ADDR:     44	DATA:  0
ROW:    0	COL:   45	ADDR:     45	DATA:  0
ROW:    0	COL:   46	ADDR:     46	DATA:  0
ROW:    0	COL:   47	ADDR:     47	DATA:  0
ROW:    0	COL:   48	ADDR:     48	DATA:  0
ROW:    0	COL:   49	ADDR:     49	DATA:  0
ROW:    0	COL:   50	ADDR:     50	DATA:  0
ROW:    0	COL:   51	ADDR:     51	DATA:  0
ROW:    0	COL:   52	ADDR:     52	DATA:  0
ROW:    0	COL:   53	ADDR:     53	DATA:  0
ROW:    0	COL:   54	ADDR:     54	DATA:  0
ROW:    0	COL:   55	ADDR:     55	DATA:  0
ROW:    0	COL:   56	ADDR:     56	DATA:  0
ROW:    0	COL:   57	ADDR:     57	DATA:  0
ROW:    0	COL:   58	ADDR:     58	DATA:  0
ROW:    0	COL:   59	ADDR:     59	DATA:  0
ROW:    0	COL:   60	ADDR:     60	DATA:  0
ROW:    0	COL:   61	ADDR:     61	DATA:  0
ROW:    0	COL:   62	ADDR:     62	DATA:  0
ROW:    0	COL:   63	ADDR:     63	DATA:  0
ROW:    0	COL:   64	ADDR:     64	DATA:  0
ROW:    0	COL:   65	ADDR:     65	DATA:  0
ROW:    0	COL:   66	ADDR:     66	DATA:  0
ROW:    0	COL:   67	ADDR:     67	DATA:  0
ROW:    0	COL:   68	ADDR:     68	DATA:  0
ROW:    0	COL:   69	ADDR:     69	DATA:  0
ROW:    0	COL:   70	ADDR:     70	DATA:  0
ROW:    0	COL:   71	ADDR:     71	DATA:  0
ROW:    0	COL:   72	ADDR:     72	DATA:  0
ROW:    0	COL:   73	ADDR:     73	DATA:  0
ROW:    0	COL:   74	ADDR:     74	DATA:  0
ROW:    0	COL:   75	ADDR:     75	DATA:  0
ROW:    0	COL:   76	ADDR:     76	DATA:  0
ROW:    0	COL:   77	ADDR:     77	DATA:  0
ROW:    0	COL:   78	ADDR:     78	DATA:  0
ROW:    0	COL:   79	ADDR:     79	DATA:  0
ROW:    0	COL:   80	ADDR:     80	DATA:  0
ROW:    0	COL:   81	ADDR:     81	DATA:  0
ROW:    0	COL:   82	ADDR:     82	DATA:  0
ROW:    0	COL:   83	ADDR:     83	DATA:  0
ROW:    0	COL:   84	ADDR:     84	DATA:  0
ROW:    0	COL:   85	ADDR:     85	DATA:  0
ROW:    0	COL:   86	ADDR:     86	DATA:  0
ROW:    0	COL:   87	ADDR:     87	DATA:  0
ROW:    0	COL:   88	ADDR:     88	DATA:  0
ROW:    0	COL:   89	ADDR:     89	DATA:  0
ROW:    0	COL:   90	ADDR:     90	DATA:  0
ROW:    0	COL:   91	ADDR:     91	DATA:  0
ROW:    0	COL:   92	ADDR:     92	DATA:  0
ROW:    0	COL:   93	ADDR:     93	DATA:  0
ROW:    0	COL:   94	ADDR:     94	DATA:  0
ROW:    0	COL:   95	ADDR:     95	DATA:  0
ROW:    0	COL:   96	ADDR:     96	DATA:  0
ROW:    0	COL:   97	ADDR:     97	DATA:  0
ROW:    0	COL:   98	ADDR:     98	DATA:  0
ROW:    0	COL:   99	ADDR:     99	DATA:  0
ROW:    0	COL:  100	ADDR:    100	DATA:  0
ROW:    0	COL:  101	ADDR:    101	DATA:  0
ROW:    0	COL:  102	ADDR:    102	DATA:  0
ROW:    0	COL:  103	ADDR:    103	DATA:  0
ROW:    0	COL:  104	ADDR:    104	DATA:  0
ROW:    0	COL:  105	ADDR:    105	DATA:  0
ROW:    0	COL:  106	ADDR:    106	DATA:  0
ROW:    0	COL:  107	ADDR:    107	DATA:  0
ROW:    0	COL:  108	ADDR:    108	DATA:  0
ROW:    0	COL:  109	ADDR:    109	DATA:  0
ROW:    0	COL:  110	ADDR:    110	DATA:  0
ROW:    0	COL:  111	ADDR:    111	DATA:  0
ROW:    0	COL:  112	ADDR:    112	DATA:  0
ROW:    0	COL:  113	ADDR:    113	DATA:  0
ROW:    0	COL:  114	ADDR:    114	DATA:  0
ROW:    0	COL:  115	ADDR:    115	DATA:  0
ROW:    0	COL:  116	ADDR:    116	DATA:  0
ROW:    0	COL:  117	ADDR:    117	DATA:  0
ROW:    0	COL:  118	ADDR:    118	DATA:  0
ROW:    0	COL:  119	ADDR:    119	DATA:  0
ROW:    0	COL:  120	ADDR:    120	DATA:  0
ROW:    0	COL:  121	ADDR:    121	DATA:  0
ROW:    0	COL:  122	ADDR:    122	DATA:  0
ROW:    0	COL:  123	ADDR:    123	DATA:  0
ROW:    0	COL:  124	ADDR:    124	DATA:  0
ROW:    0	COL:  125	ADDR:    125	DATA:  0
ROW:    0	COL:  126	ADDR:    126	DATA:  0
ROW:    0	COL:  127	ADDR:    127	DATA:  0
ROW:    0	COL:  128	ADDR:    128	DATA:  0
ROW:    0	COL:  129	ADDR:    129	DATA:  0
ROW:    0	COL:  130	ADDR:    130	DATA:  0
ROW:    0	COL:  131	ADDR:    131	DATA:  0
ROW:    0	COL:  132	ADDR:    132	DATA:  0
ROW:    0	COL:  133	ADDR:    133	DATA:  0
ROW:    0	COL:  134	ADDR:    134	DATA:  0
ROW:    0	COL:  135	ADDR:    135	DATA:  0
ROW:    0	COL:  136	ADDR:    136	DATA:  0
ROW:    0	COL:  137	ADDR:    137	DATA:  0
ROW:    0	COL:  138	ADDR:    138	DATA:  0
ROW:    0	COL:  139	ADDR:    139	DATA:  0
ROW:    0	COL:  140	ADDR:    140	DATA:  0
ROW:    0	COL:  141	ADDR:    141	DATA:  0
ROW:    0	COL:  142	ADDR:    142	DATA:  0
ROW:    0	COL:  143	ADDR:    143	DATA:  0
ROW:    0	COL:  144	ADDR:    144	DATA:  0
ROW:    0	COL:  145	ADDR:    145	DATA:  0
ROW:    0	COL:  146	ADDR:    146	DATA:  0
ROW:    0	COL:  147	ADDR:    147	DATA:  0
ROW:    0	COL:  148	ADDR:    148	DATA:  0
ROW:    0	COL:  149	ADDR:    149	DATA:  0
ROW:    0	COL:  150	ADDR:    150	DATA:  0
ROW:    0	COL:  151	ADDR:    151	DATA:  0
ROW:    0	COL:  152	ADDR:    152	DATA:  0
ROW:    0	COL:  153	ADDR:    153	DATA:  0
ROW:    0	COL:  154	ADDR:    154	DATA:  0
ROW:    0	COL:  155	ADDR:    155	DATA:  0
ROW:    0	COL:  156	ADDR:    156	DATA:  0
ROW:    0	COL:  157	ADDR:    157	DATA:  0
ROW:    0	COL:  158	ADDR:    158	DATA:  0
ROW:    0	COL:  159	ADDR:    159	DATA:  0
ROW:    0	COL:  160	ADDR:    160	DATA:  0
ROW:    0	COL:  161	ADDR:    161	DATA:  1
ROW:    0	COL:  162	ADDR:    162	DATA:  1
ROW:    0	COL:  163	ADDR:    163	DATA:  1
ROW:    0	COL:  164	ADDR:    164	DATA:  1
ROW:    0	COL:  165	ADDR:    165	DATA:  1
ROW:    0	COL:  166	ADDR:    166	DATA:  1
ROW:    0	COL:  167	ADDR:    167	DATA:  1
ROW:    0	COL:  168	ADDR:    168	DATA:  1
ROW:    0	COL:  169	ADDR:    169	DATA:  1
ROW:    0	COL:  170	ADDR:    170	DATA:  1
ROW:    0	COL:  171	ADDR:    171	DATA:  1
ROW:    0	COL:  172	ADDR:    172	DATA:  1
ROW:    0	COL:  173	ADDR:    173	DATA:  1
ROW:    0	COL:  174	ADDR:    174	DATA:  1
ROW:    0	COL:  175	ADDR:    175	DATA:  1
ROW:    0	COL:  176	ADDR:    176	DATA:  1
ROW:    0	COL:  177	ADDR:    177	DATA:  1
ROW:    0	COL:  178	ADDR:    178	DATA:  1
ROW:    0	COL:  179	ADDR:    179	DATA:  1
ROW:    0	COL:  180	ADDR:    180	DATA:  1
ROW:    0	COL:  181	ADDR:    181	DATA:  1
ROW:    0	COL:  182	ADDR:    182	DATA:  1
ROW:    0	COL:  183	ADDR:    183	DATA:  1
ROW:    0	COL:  184	ADDR:    184	DATA:  1
ROW:    0	COL:  185	ADDR:    185	DATA:  1
ROW:    0	COL:  186	ADDR:    186	DATA:  1
ROW:    0	COL:  187	ADDR:    187	DATA:  1
ROW:    0	COL:  188	ADDR:    188	DATA:  1
ROW:    0	COL:  189	ADDR:    189	DATA:  1
ROW:    0	COL:  190	ADDR:    190	DATA:  1
ROW:    0	COL:  191	ADDR:    191	DATA:  1
ROW:    0	COL:  192	ADDR:    192	DATA:  1
ROW:    0	COL:  193	ADDR:    193	DATA:  1
ROW:    0	COL:  194	ADDR:    194	DATA:  1
ROW:    0	COL:  195	ADDR:    195	DATA:  1
ROW:    0	COL:  196	ADDR:    196	DATA:  1
ROW:    0	COL:  197	ADDR:    197	DATA:  1
ROW:    0	COL:  198	ADDR:    198	DATA:  1
ROW:    0	COL:  199	ADDR:    199	DATA:  1
ROW:    0	COL:  200	ADDR:    200	DATA:  1
ROW:    0	COL:  201	ADDR:    201	DATA:  1
ROW:    0	COL:  202	ADDR:    202	DATA:  1
ROW:    0	COL:  203	ADDR:    203	DATA:  1
ROW:    0	COL:  204	ADDR:    204	DATA:  1
ROW:    0	COL:  205	ADDR:    205	DATA:  1
ROW:    0	COL:  206	ADDR:    206	DATA:  1
ROW:    0	COL:  207	ADDR:    207	DATA:  1
ROW:    0	COL:  208	ADDR:    208	DATA:  1
ROW:    0	COL:  209	ADDR:    209	DATA:  1
ROW:    0	COL:  210	ADDR:    210	DATA:  1
ROW:    0	COL:  211	ADDR:    211	DATA:  1
ROW:    0	COL:  212	ADDR:    212	DATA:  1
ROW:    0	COL:  213	ADDR:    213	DATA:  1
ROW:    0	COL:  214	ADDR:    214	DATA:  1
ROW:    0	COL:  215	ADDR:    215	DATA:  1
ROW:    0	COL:  216	ADDR:    216	DATA:  1
ROW:    0	COL:  217	ADDR:    217	DATA:  1
ROW:    0	COL:  218	ADDR:    218	DATA:  1
ROW:    0	COL:  219	ADDR:    219	DATA:  1
ROW:    0	COL:  220	ADDR:    220	DATA:  1
ROW:    0	COL:  221	ADDR:    221	DATA:  1
ROW:    0	COL:  222	ADDR:    222	DATA:  1
ROW:    0	COL:  223	ADDR:    223	DATA:  1
ROW:    0	COL:  224	ADDR:    224	DATA:  1
ROW:    0	COL:  225	ADDR:    225	DATA:  1
ROW:    0	COL:  226	ADDR:    226	DATA:  1
ROW:    0	COL:  227	ADDR:    227	DATA:  1
ROW:    0	COL:  228	ADDR:    228	DATA:  1
ROW:    0	COL:  229	ADDR:    229	DATA:  1
ROW:    0	COL:  230	ADDR:    230	DATA:  1
ROW:    0	COL:  231	ADDR:    231	DATA:  1
ROW:    0	COL:  232	ADDR:    232	DATA:  1
ROW:    0	COL:  233	ADDR:    233	DATA:  1
ROW:    0	COL:  234	ADDR:    234	DATA:  1
ROW:    0	COL:  235	ADDR:    235	DATA:  1
ROW:    0	COL:  236	ADDR:    236	DATA:  1
ROW:    0	COL:  237	ADDR:    237	DATA:  1
ROW:    0	COL:  238	ADDR:    238	DATA:  1
ROW:    0	COL:  239	ADDR:    239	DATA:  1
ROW:    0	COL:  240	ADDR:    240	DATA:  1
ROW:    0	COL:  241	ADDR:    241	DATA:  1
ROW:    0	COL:  242	ADDR:    242	DATA:  1
ROW:    0	COL:  243	ADDR:    243	DATA:  1
ROW:    0	COL:  244	ADDR:    244	DATA:  1
ROW:    0	COL:  245	ADDR:    245	DATA:  1
ROW:    0	COL:  246	ADDR:    246	DATA:  1
ROW:    0	COL:  247	ADDR:    247	DATA:  1
ROW:    0	COL:  248	ADDR:    248	DATA:  1
ROW:    0	COL:  249	ADDR:    249	DATA:  1
ROW:    0	COL:  250	ADDR:    250	DATA:  1
ROW:    0	COL:  251	ADDR:    251	DATA:  1
ROW:    0	COL:  252	ADDR:    252	DATA:  1
ROW:    0	COL:  253	ADDR:    253	DATA:  1
ROW:    0	COL:  254	ADDR:    254	DATA:  1
ROW:    0	COL:  255	ADDR:    255	DATA:  1
ROW:    0	COL:  256	ADDR:    256	DATA:  1
ROW:    0	COL:  257	ADDR:    257	DATA:  1
ROW:    0	COL:  258	ADDR:    258	DATA:  1
ROW:    0	COL:  259	ADDR:    259	DATA:  1
ROW:    0	COL:  260	ADDR:    260	DATA:  1
ROW:    0	COL:  261	ADDR:    261	DATA:  1
ROW:    0	COL:  262	ADDR:    262	DATA:  1
ROW:    0	COL:  263	ADDR:    263	DATA:  1
ROW:    0	COL:  264	ADDR:    264	DATA:  1
ROW:    0	COL:  265	ADDR:    265	DATA:  1
ROW:    0	COL:  266	ADDR:    266	DATA:  1
ROW:    0	COL:  267	ADDR:    267	DATA:  1
ROW:    0	COL:  268	ADDR:    268	DATA:  1
ROW:    0	COL:  269	ADDR:    269	DATA:  1
ROW:    0	COL:  270	ADDR:    270	DATA:  1
ROW:    0	COL:  271	ADDR:    271	DATA:  1
ROW:    0	COL:  272	ADDR:    272	DATA:  1
ROW:    0	COL:  273	ADDR:    273	DATA:  1
ROW:    0	COL:  274	ADDR:    274	DATA:  1
ROW:    0	COL:  275	ADDR:    275	DATA:  1
ROW:    0	COL:  276	ADDR:    276	DATA:  1
ROW:    0	COL:  277	ADDR:    277	DATA:  1
ROW:    0	COL:  278	ADDR:    278	DATA:  1
ROW:    0	COL:  279	ADDR:    279	DATA:  1
ROW:    0	COL:  280	ADDR:    280	DATA:  1
ROW:    0	COL:  281	ADDR:    281	DATA:  1
ROW:    0	COL:  282	ADDR:    282	DATA:  1
ROW:    0	COL:  283	ADDR:    283	DATA:  1
ROW:    0	COL:  284	ADDR:    284	DATA:  1
ROW:    0	COL:  285	ADDR:    285	DATA:  1
ROW:    0	COL:  286	ADDR:    286	DATA:  1
ROW:    0	COL:  287	ADDR:    287	DATA:  1
ROW:    0	COL:  288	ADDR:    288	DATA:  1
ROW:    0	COL:  289	ADDR:    289	DATA:  1
ROW:    0	COL:  290	ADDR:    290	DATA:  1
ROW:    0	COL:  291	ADDR:    291	DATA:  1
ROW:    0	COL:  292	ADDR:    292	DATA:  1
ROW:    0	COL:  293	ADDR:    293	DATA:  1
ROW:    0	COL:  294	ADDR:    294	DATA:  1
ROW:    0	COL:  295	ADDR:    295	DATA:  1
ROW:    0	COL:  296	ADDR:    296	DATA:  1
ROW:    0	COL:  297	ADDR:    297	DATA:  1
ROW:    0	COL:  298	ADDR:    298	DATA:  1
ROW:    0	COL:  299	ADDR:    299	DATA:  1
ROW:    0	COL:  300	ADDR:    300	DATA:  1
ROW:    0	COL:  301	ADDR:    301	DATA:  1
ROW:    0	COL:  302	ADDR:    302	DATA:  1
ROW:    0	COL:  303	ADDR:    303	DATA:  1
ROW:    0	COL:  304	ADDR:    304	DATA:  1
ROW:    0	COL:  305	ADDR:    305	DATA:  1
ROW:    0	COL:  306	ADDR:    306	DATA:  1
ROW:    0	COL:  307	ADDR:    307	DATA:  1
ROW:    0	COL:  308	ADDR:    308	DATA:  1
ROW:    0	COL:  309	ADDR:    309	DATA:  1
ROW:    0	COL:  310	ADDR:    310	DATA:  1
ROW:    0	COL:  311	ADDR:    311	DATA:  1
ROW:    0	COL:  312	ADDR:    312	DATA:  1
ROW:    0	COL:  313	ADDR:    313	DATA:  1
ROW:    0	COL:  314	ADDR:    314	DATA:  1
ROW:    0	COL:  315	ADDR:    315	DATA:  1
ROW:    0	COL:  316	ADDR:    316	DATA:  1
ROW:    0	COL:  317	ADDR:    317	DATA:  1
ROW:    0	COL:  318	ADDR:    318	DATA:  1
ROW:    0	COL:  319	ADDR:    319	DATA:  1
ROW:    0	COL:  320	ADDR:    320	DATA:  1
ROW:    0	COL:  321	ADDR:    321	DATA:  2
ROW:    0	COL:  322	ADDR:    322	DATA:  2
ROW:    0	COL:  323	ADDR:    323	DATA:  2
ROW:    0	COL:  324	ADDR:    324	DATA:  2
ROW:    0	COL:  325	ADDR:    325	DATA:  2
ROW:    0	COL:  326	ADDR:    326	DATA:  2
ROW:    0	COL:  327	ADDR:    327	DATA:  2
ROW:    0	COL:  328	ADDR:    328	DATA:  2
ROW:    0	COL:  329	ADDR:    329	DATA:  2
ROW:    0	COL:  330	ADDR:    330	DATA:  2
ROW:    0	COL:  331	ADDR:    331	DATA:  2
ROW:    0	COL:  332	ADDR:    332	DATA:  2
ROW:    0	COL:  333	ADDR:    333	DATA:  2
ROW:    0	COL:  334	ADDR:    334	DATA:  2
ROW:    0	COL:  335	ADDR:    335	DATA:  2
ROW:    0	COL:  336	ADDR:    336	DATA:  2
ROW:    0	COL:  337	ADDR:    337	DATA:  2
ROW:    0	COL:  338	ADDR:    338	DATA:  2
ROW:    0	COL:  339	ADDR:    339	DATA:  2
ROW:    0	COL:  340	ADDR:    340	DATA:  2
ROW:    0	COL:  341	ADDR:    341	DATA:  2
ROW:    0	COL:  342	ADDR:    342	DATA:  2
ROW:    0	COL:  343	ADDR:    343	DATA:  2
ROW:    0	COL:  344	ADDR:    344	DATA:  2
ROW:    0	COL:  345	ADDR:    345	DATA:  2
ROW:    0	COL:  346	ADDR:    346	DATA:  2
ROW:    0	COL:  347	ADDR:    347	DATA:  2
ROW:    0	COL:  348	ADDR:    348	DATA:  2
ROW:    0	COL:  349	ADDR:    349	DATA:  2
ROW:    0	COL:  350	ADDR:    350	DATA:  2
ROW:    0	COL:  351	ADDR:    351	DATA:  2
ROW:    0	COL:  352	ADDR:    352	DATA:  2
ROW:    0	COL:  353	ADDR:    353	DATA:  2
ROW:    0	COL:  354	ADDR:    354	DATA:  2
ROW:    0	COL:  355	ADDR:    355	DATA:  2
ROW:    0	COL:  356	ADDR:    356	DATA:  2
ROW:    0	COL:  357	ADDR:    357	DATA:  2
ROW:    0	COL:  358	ADDR:    358	DATA:  2
ROW:    0	COL:  359	ADDR:    359	DATA:  2
ROW:    0	COL:  360	ADDR:    360	DATA:  2
ROW:    0	COL:  361	ADDR:    361	DATA:  2
ROW:    0	COL:  362	ADDR:    362	DATA:  2
ROW:    0	COL:  363	ADDR:    363	DATA:  2
ROW:    0	COL:  364	ADDR:    364	DATA:  2
ROW:    0	COL:  365	ADDR:    365	DATA:  2
ROW:    0	COL:  366	ADDR:    366	DATA:  2
ROW:    0	COL:  367	ADDR:    367	DATA:  2
ROW:    0	COL:  368	ADDR:    368	DATA:  2
ROW:    0	COL:  369	ADDR:    369	DATA:  2
ROW:    0	COL:  370	ADDR:    370	DATA:  2
ROW:    0	COL:  371	ADDR:    371	DATA:  2
ROW:    0	COL:  372	ADDR:    372	DATA:  2
ROW:    0	COL:  373	ADDR:    373	DATA:  2
ROW:    0	COL:  374	ADDR:    374	DATA:  2
ROW:    0	COL:  375	ADDR:    375	DATA:  2
ROW:    0	COL:  376	ADDR:    376	DATA:  2
ROW:    0	COL:  377	ADDR:    377	DATA:  2
ROW:    0	COL:  378	ADDR:    378	DATA:  2
ROW:    0	COL:  379	ADDR:    379	DATA:  2
ROW:    0	COL:  380	ADDR:    380	DATA:  2
ROW:    0	COL:  381	ADDR:    381	DATA:  2
ROW:    0	COL:  382	ADDR:    382	DATA:  2
ROW:    0	COL:  383	ADDR:    383	DATA:  2
ROW:    0	COL:  384	ADDR:    384	DATA:  2
ROW:    0	COL:  385	ADDR:    385	DATA:  2
ROW:    0	COL:  386	ADDR:    386	DATA:  2
ROW:    0	COL:  387	ADDR:    387	DATA:  2
ROW:    0	COL:  388	ADDR:    388	DATA:  2
ROW:    0	COL:  389	ADDR:    389	DATA:  2
ROW:    0	COL:  390	ADDR:    390	DATA:  2
ROW:    0	COL:  391	ADDR:    391	DATA:  2
ROW:    0	COL:  392	ADDR:    392	DATA:  2
ROW:    0	COL:  393	ADDR:    393	DATA:  2
ROW:    0	COL:  394	ADDR:    394	DATA:  2
ROW:    0	COL:  395	ADDR:    395	DATA:  2
ROW:    0	COL:  396	ADDR:    396	DATA:  2
ROW:    0	COL:  397	ADDR:    397	DATA:  2
ROW:    0	COL:  398	ADDR:    398	DATA:  2
ROW:    0	COL:  399	ADDR:    399	DATA:  2
ROW:    0	COL:  400	ADDR:    400	DATA:  2
ROW:    0	COL:  401	ADDR:    401	DATA:  2
ROW:    0	COL:  402	ADDR:    402	DATA:  2
ROW:    0	COL:  403	ADDR:    403	DATA:  2
ROW:    0	COL:  404	ADDR:    404	DATA:  2
ROW:    0	COL:  405	ADDR:    405	DATA:  2
ROW:    0	COL:  406	ADDR:    406	DATA:  2
ROW:    0	COL:  407	ADDR:    407	DATA:  2
ROW:    0	COL:  408	ADDR:    408	DATA:  2
ROW:    0	COL:  409	ADDR:    409	DATA:  2
ROW:    0	COL:  410	ADDR:    410	DATA:  2
ROW:    0	COL:  411	ADDR:    411	DATA:  2
ROW:    0	COL:  412	ADDR:    412	DATA:  2
ROW:    0	COL:  413	ADDR:    413	DATA:  2
ROW:    0	COL:  414	ADDR:    414	DATA:  2
ROW:    0	COL:  415	ADDR:    415	DATA:  2
ROW:    0	COL:  416	ADDR:    416	DATA:  2
ROW:    0	COL:  417	ADDR:    417	DATA:  2
ROW:    0	COL:  418	ADDR:    418	DATA:  2
ROW:    0	COL:  419	ADDR:    419	DATA:  2
ROW:    0	COL:  420	ADDR:    420	DATA:  2
ROW:    0	COL:  421	ADDR:    421	DATA:  2
ROW:    0	COL:  422	ADDR:    422	DATA:  2
ROW:    0	COL:  423	ADDR:    423	DATA:  2
ROW:    0	COL:  424	ADDR:    424	DATA:  2
ROW:    0	COL:  425	ADDR:    425	DATA:  2
ROW:    0	COL:  426	ADDR:    426	DATA:  2
ROW:    0	COL:  427	ADDR:    427	DATA:  2
ROW:    0	COL:  428	ADDR:    428	DATA:  2
ROW:    0	COL:  429	ADDR:    429	DATA:  2
ROW:    0	COL:  430	ADDR:    430	DATA:  2
ROW:    0	COL:  431	ADDR:    431	DATA:  2
ROW:    0	COL:  432	ADDR:    432	DATA:  2
ROW:    0	COL:  433	ADDR:    433	DATA:  2
ROW:    0	COL:  434	ADDR:    434	DATA:  2
ROW:    0	COL:  435	ADDR:    435	DATA:  2
ROW:    0	COL:  436	ADDR:    436	DATA:  2
ROW:    0	COL:  437	ADDR:    437	DATA:  2
ROW:    0	COL:  438	ADDR:    438	DATA:  2
ROW:    0	COL:  439	ADDR:    439	DATA:  2
ROW:    0	COL:  440	ADDR:    440	DATA:  2
ROW:    0	COL:  441	ADDR:    441	DATA:  2
ROW:    0	COL:  442	ADDR:    442	DATA:  2
ROW:    0	COL:  443	ADDR:    443	DATA:  2
ROW:    0	COL:  444	ADDR:    444	DATA:  2
ROW:    0	COL:  445	ADDR:    445	DATA:  2
ROW:    0	COL:  446	ADDR:    446	DATA:  2
ROW:    0	COL:  447	ADDR:    447	DATA:  2
ROW:    0	COL:  448	ADDR:    448	DATA:  2
ROW:    0	COL:  449	ADDR:    449	DATA:  2
ROW:    0	COL:  450	ADDR:    450	DATA:  2
ROW:    0	COL:  451	ADDR:    451	DATA:  2
ROW:    0	COL:  452	ADDR:    452	DATA:  2
ROW:    0	COL:  453	ADDR:    453	DATA:  2
ROW:    0	COL:  454	ADDR:    454	DATA:  2
ROW:    0	COL:  455	ADDR:    455	DATA:  2
ROW:    0	COL:  456	ADDR:    456	DATA:  2
ROW:    0	COL:  457	ADDR:    457	DATA:  2
ROW:    0	COL:  458	ADDR:    458	DATA:  2
ROW:    0	COL:  459	ADDR:    459	DATA:  2
ROW:    0	COL:  460	ADDR:    460	DATA:  2
ROW:    0	COL:  461	ADDR:    461	DATA:  2
ROW:    0	COL:  462	ADDR:    462	DATA:  2
ROW:    0	COL:  463	ADDR:    463	DATA:  2
ROW:    0	COL:  464	ADDR:    464	DATA:  2
ROW:    0	COL:  465	ADDR:    465	DATA:  2
ROW:    0	COL:  466	ADDR:    466	DATA:  2
ROW:    0	COL:  467	ADDR:    467	DATA:  2
ROW:    0	COL:  468	ADDR:    468	DATA:  2
ROW:    0	COL:  469	ADDR:    469	DATA:  2
ROW:    0	COL:  470	ADDR:    470	DATA:  2
ROW:    0	COL:  471	ADDR:    471	DATA:  2
ROW:    0	COL:  472	ADDR:    472	DATA:  2
ROW:    0	COL:  473	ADDR:    473	DATA:  2
ROW:    0	COL:  474	ADDR:    474	DATA:  2
ROW:    0	COL:  475	ADDR:    475	DATA:  2
ROW:    0	COL:  476	ADDR:    476	DATA:  2
ROW:    0	COL:  477	ADDR:    477	DATA:  2
ROW:    0	COL:  478	ADDR:    478	DATA:  2
ROW:    0	COL:  479	ADDR:    479	DATA:  2
ROW:    0	COL:  480	ADDR:    480	DATA:  2
ROW:    0	COL:  481	ADDR:    481	DATA:  3
ROW:    0	COL:  482	ADDR:    482	DATA:  3
ROW:    0	COL:  483	ADDR:    483	DATA:  3
ROW:    0	COL:  484	ADDR:    484	DATA:  3
ROW:    0	COL:  485	ADDR:    485	DATA:  3
ROW:    0	COL:  486	ADDR:    486	DATA:  3
ROW:    0	COL:  487	ADDR:    487	DATA:  3
ROW:    0	COL:  488	ADDR:    488	DATA:  3
ROW:    0	COL:  489	ADDR:    489	DATA:  3
ROW:    0	COL:  490	ADDR:    490	DATA:  3
ROW:    0	COL:  491	ADDR:    491	DATA:  3
ROW:    0	COL:  492	ADDR:    492	DATA:  3
ROW:    0	COL:  493	ADDR:    493	DATA:  3
ROW:    0	COL:  494	ADDR:    494	DATA:  3
ROW:    0	COL:  495	ADDR:    495	DATA:  3
ROW:    0	COL:  496	ADDR:    496	DATA:  3
ROW:    0	COL:  497	ADDR:    497	DATA:  3
ROW:    0	COL:  498	ADDR:    498	DATA:  3
ROW:    0	COL:  499	ADDR:    499	DATA:  3
ROW:    0	COL:  500	ADDR:    500	DATA:  3
ROW:    0	COL:  501	ADDR:    501	DATA:  3
ROW:    0	COL:  502	ADDR:    502	DATA:  3
ROW:    0	COL:  503	ADDR:    503	DATA:  3
ROW:    0	COL:  504	ADDR:    504	DATA:  3
ROW:    0	COL:  505	ADDR:    505	DATA:  3
ROW:    0	COL:  506	ADDR:    506	DATA:  3
ROW:    0	COL:  507	ADDR:    507	DATA:  3
ROW:    0	COL:  508	ADDR:    508	DATA:  3
ROW:    0	COL:  509	ADDR:    509	DATA:  3
ROW:    0	COL:  510	ADDR:    510	DATA:  3
ROW:    0	COL:  511	ADDR:    511	DATA:  3
ROW:    0	COL:  512	ADDR:    512	DATA:  3
ROW:    0	COL:  513	ADDR:    513	DATA:  3
ROW:    0	COL:  514	ADDR:    514	DATA:  3
ROW:    0	COL:  515	ADDR:    515	DATA:  3
ROW:    0	COL:  516	ADDR:    516	DATA:  3
ROW:    0	COL:  517	ADDR:    517	DATA:  3
ROW:    0	COL:  518	ADDR:    518	DATA:  3
ROW:    0	COL:  519	ADDR:    519	DATA:  3
ROW:    0	COL:  520	ADDR:    520	DATA:  3
ROW:    0	COL:  521	ADDR:    521	DATA:  3
ROW:    0	COL:  522	ADDR:    522	DATA:  3
ROW:    0	COL:  523	ADDR:    523	DATA:  3
ROW:    0	COL:  524	ADDR:    524	DATA:  3
ROW:    0	COL:  525	ADDR:    525	DATA:  3
ROW:    0	COL:  526	ADDR:    526	DATA:  3
ROW:    0	COL:  527	ADDR:    527	DATA:  3
ROW:    0	COL:  528	ADDR:    528	DATA:  3
ROW:    0	COL:  529	ADDR:    529	DATA:  3
ROW:    0	COL:  530	ADDR:    530	DATA:  3
ROW:    0	COL:  531	ADDR:    531	DATA:  3
ROW:    0	COL:  532	ADDR:    532	DATA:  3
ROW:    0	COL:  533	ADDR:    533	DATA:  3
ROW:    0	COL:  534	ADDR:    534	DATA:  3
ROW:    0	COL:  535	ADDR:    535	DATA:  3
ROW:    0	COL:  536	ADDR:    536	DATA:  3
ROW:    0	COL:  537	ADDR:    537	DATA:  3
ROW:    0	COL:  538	ADDR:    538	DATA:  3
ROW:    0	COL:  539	ADDR:    539	DATA:  3
ROW:    0	COL:  540	ADDR:    540	DATA:  3
ROW:    0	COL:  541	ADDR:    541	DATA:  3
ROW:    0	COL:  542	ADDR:    542	DATA:  3
ROW:    0	COL:  543	ADDR:    543	DATA:  3
ROW:    0	COL:  544	ADDR:    544	DATA:  3
ROW:    0	COL:  545	ADDR:    545	DATA:  3
ROW:    0	COL:  546	ADDR:    546	DATA:  3
ROW:    0	COL:  547	ADDR:    547	DATA:  3
ROW:    0	COL:  548	ADDR:    548	DATA:  3
ROW:    0	COL:  549	ADDR:    549	DATA:  3
ROW:    0	COL:  550	ADDR:    550	DATA:  3
ROW:    0	COL:  551	ADDR:    551	DATA:  3
ROW:    0	COL:  552	ADDR:    552	DATA:  3
ROW:    0	COL:  553	ADDR:    553	DATA:  3
ROW:    0	COL:  554	ADDR:    554	DATA:  3
ROW:    0	COL:  555	ADDR:    555	DATA:  3
ROW:    0	COL:  556	ADDR:    556	DATA:  3
ROW:    0	COL:  557	ADDR:    557	DATA:  3
ROW:    0	COL:  558	ADDR:    558	DATA:  3
ROW:    0	COL:  559	ADDR:    559	DATA:  3
ROW:    0	COL:  560	ADDR:    560	DATA:  3
ROW:    0	COL:  561	ADDR:    561	DATA:  3
ROW:    0	COL:  562	ADDR:    562	DATA:  3
ROW:    0	COL:  563	ADDR:    563	DATA:  3
ROW:    0	COL:  564	ADDR:    564	DATA:  3
ROW:    0	COL:  565	ADDR:    565	DATA:  3
ROW:    0	COL:  566	ADDR:    566	DATA:  3
ROW:    0	COL:  567	ADDR:    567	DATA:  3
ROW:    0	COL:  568	ADDR:    568	DATA:  3
ROW:    0	COL:  569	ADDR:    569	DATA:  3
ROW:    0	COL:  570	ADDR:    570	DATA:  3
ROW:    0	COL:  571	ADDR:    571	DATA:  3
ROW:    0	COL:  572	ADDR:    572	DATA:  3
ROW:    0	COL:  573	ADDR:    573	DATA:  3
ROW:    0	COL:  574	ADDR:    574	DATA:  3
ROW:    0	COL:  575	ADDR:    575	DATA:  3
ROW:    0	COL:  576	ADDR:    576	DATA:  3
ROW:    0	COL:  577	ADDR:    577	DATA:  3
ROW:    0	COL:  578	ADDR:    578	DATA:  3
ROW:    0	COL:  579	ADDR:    579	DATA:  3
ROW:    0	COL:  580	ADDR:    580	DATA:  3
ROW:    0	COL:  581	ADDR:    581	DATA:  3
ROW:    0	COL:  582	ADDR:    582	DATA:  3
ROW:    0	COL:  583	ADDR:    583	DATA:  3
ROW:    0	COL:  584	ADDR:    584	DATA:  3
ROW:    0	COL:  585	ADDR:    585	DATA:  3
ROW:    0	COL:  586	ADDR:    586	DATA:  3
ROW:    0	COL:  587	ADDR:    587	DATA:  3
ROW:    0	COL:  588	ADDR:    588	DATA:  3
ROW:    0	COL:  589	ADDR:    589	DATA:  3
ROW:    0	COL:  590	ADDR:    590	DATA:  3
ROW:    0	COL:  591	ADDR:    591	DATA:  3
ROW:    0	COL:  592	ADDR:    592	DATA:  3
ROW:    0	COL:  593	ADDR:    593	DATA:  3
ROW:    0	COL:  594	ADDR:    594	DATA:  3
ROW:    0	COL:  595	ADDR:    595	DATA:  3
ROW:    0	COL:  596	ADDR:    596	DATA:  3
ROW:    0	COL:  597	ADDR:    597	DATA:  3
ROW:    0	COL:  598	ADDR:    598	DATA:  3
ROW:    0	COL:  599	ADDR:    599	DATA:  3
ROW:    0	COL:  600	ADDR:    600	DATA:  3
ROW:    0	COL:  601	ADDR:    601	DATA:  3
ROW:    0	COL:  602	ADDR:    602	DATA:  3
ROW:    0	COL:  603	ADDR:    603	DATA:  3
ROW:    0	COL:  604	ADDR:    604	DATA:  3
ROW:    0	COL:  605	ADDR:    605	DATA:  3
ROW:    0	COL:  606	ADDR:    606	DATA:  3
ROW:    0	COL:  607	ADDR:    607	DATA:  3
ROW:    0	COL:  608	ADDR:    608	DATA:  3
ROW:    0	COL:  609	ADDR:    609	DATA:  3
ROW:    0	COL:  610	ADDR:    610	DATA:  3
ROW:    0	COL:  611	ADDR:    611	DATA:  3
ROW:    0	COL:  612	ADDR:    612	DATA:  3
ROW:    0	COL:  613	ADDR:    613	DATA:  3
ROW:    0	COL:  614	ADDR:    614	DATA:  3
ROW:    0	COL:  615	ADDR:    615	DATA:  3
ROW:    0	COL:  616	ADDR:    616	DATA:  3
ROW:    0	COL:  617	ADDR:    617	DATA:  3
ROW:    0	COL:  618	ADDR:    618	DATA:  3
ROW:    0	COL:  619	ADDR:    619	DATA:  3
ROW:    0	COL:  620	ADDR:    620	DATA:  3
ROW:    0	COL:  621	ADDR:    621	DATA:  3
ROW:    0	COL:  622	ADDR:    622	DATA:  3
ROW:    0	COL:  623	ADDR:    623	DATA:  3
ROW:    0	COL:  624	ADDR:    624	DATA:  3
ROW:    0	COL:  625	ADDR:    625	DATA:  3
ROW:    0	COL:  626	ADDR:    626	DATA:  3
ROW:    0	COL:  627	ADDR:    627	DATA:  3
ROW:    0	COL:  628	ADDR:    628	DATA:  3
ROW:    0	COL:  629	ADDR:    629	DATA:  3
ROW:    0	COL:  630	ADDR:    630	DATA:  3
ROW:    0	COL:  631	ADDR:    631	DATA:  3
ROW:    0	COL:  632	ADDR:    632	DATA:  3
ROW:    0	COL:  633	ADDR:    633	DATA:  3
ROW:    0	COL:  634	ADDR:    634	DATA:  3
ROW:    0	COL:  635	ADDR:    635	DATA:  3
ROW:    0	COL:  636	ADDR:    636	DATA:  3
ROW:    0	COL:  637	ADDR:    637	DATA:  3
ROW:    0	COL:  638	ADDR:    638	DATA:  3
ROW:    0	COL:  639	ADDR:    639	DATA:  3
ROW:    1	COL:    0	ADDR:    640	DATA:  0
ROW:    1	COL:    1	ADDR:    641	DATA:  0
ROW:    1	COL:    2	ADDR:    642	DATA:  0
ROW:    1	COL:    3	ADDR:    643	DATA:  0
ROW:    1	COL:    4	ADDR:    644	DATA:  0
ROW:    1	COL:    5	ADDR:    645	DATA:  0
ROW:    1	COL:    6	ADDR:    646	DATA:  0
ROW:    1	COL:    7	ADDR:    647	DATA:  0
ROW:    1	COL:    8	ADDR:    648	DATA:  0
ROW:    1	COL:    9	ADDR:    649	DATA:  0
ROW:    1	COL:   10	ADDR:    650	DATA:  0
ROW:    1	COL:   11	ADDR:    651	DATA:  0
ROW:    1	COL:   12	ADDR:    652	DATA:  0
ROW:    1	COL:   13	ADDR:    653	DATA:  0
ROW:    1	COL:   14	ADDR:    654	DATA:  0
ROW:    1	COL:   15	ADDR:    655	DATA:  0
ROW:    1	COL:   16	ADDR:    656	DATA:  0
ROW:    1	COL:   17	ADDR:    657	DATA:  0
ROW:    1	COL:   18	ADDR:    658	DATA:  0
ROW:    1	COL:   19	ADDR:    659	DATA:  0
ROW:    1	COL:   20	ADDR:    660	DATA:  0
ROW:    1	COL:   21	ADDR:    661	DATA:  0
ROW:    1	COL:   22	ADDR:    662	DATA:  0
ROW:    1	COL:   23	ADDR:    663	DATA:  0
ROW:    1	COL:   24	ADDR:    664	DATA:  0
ROW:    1	COL:   25	ADDR:    665	DATA:  0
ROW:    1	COL:   26	ADDR:    666	DATA:  0
ROW:    1	COL:   27	ADDR:    667	DATA:  0
ROW:    1	COL:   28	ADDR:    668	DATA:  0
ROW:    1	COL:   29	ADDR:    669	DATA:  0
ROW:    1	COL:   30	ADDR:    670	DATA:  0
ROW:    1	COL:   31	ADDR:    671	DATA:  0
ROW:    1	COL:   32	ADDR:    672	DATA:  0
ROW:    1	COL:   33	ADDR:    673	DATA:  0
ROW:    1	COL:   34	ADDR:    674	DATA:  0
ROW:    1	COL:   35	ADDR:    675	DATA:  0
ROW:    1	COL:   36	ADDR:    676	DATA:  0
ROW:    1	COL:   37	ADDR:    677	DATA:  0
ROW:    1	COL:   38	ADDR:    678	DATA:  0
ROW:    1	COL:   39	ADDR:    679	DATA:  0
ROW:    1	COL:   40	ADDR:    680	DATA:  0
ROW:    1	COL:   41	ADDR:    681	DATA:  0
ROW:    1	COL:   42	ADDR:    682	DATA:  0
ROW:    1	COL:   43	ADDR:    683	DATA:  0
ROW:    1	COL:   44	ADDR:    684	DATA:  0
ROW:    1	COL:   45	ADDR:    685	DATA:  0
ROW:    1	COL:   46	ADDR:    686	DATA:  0
ROW:    1	COL:   47	ADDR:    687	DATA:  0
ROW:    1	COL:   48	ADDR:    688	DATA:  0
ROW:    1	COL:   49	ADDR:    689	DATA:  0
ROW:    1	COL:   50	ADDR:    690	DATA:  0
ROW:    1	COL:   51	ADDR:    691	DATA:  0
ROW:    1	COL:   52	ADDR:    692	DATA:  0
ROW:    1	COL:   53	ADDR:    693	DATA:  0
ROW:    1	COL:   54	ADDR:    694	DATA:  0
ROW:    1	COL:   55	ADDR:    695	DATA:  0
ROW:    1	COL:   56	ADDR:    696	DATA:  0
ROW:    1	COL:   57	ADDR:    697	DATA:  0
ROW:    1	COL:   58	ADDR:    698	DATA:  0
ROW:    1	COL:   59	ADDR:    699	DATA:  0
ROW:    1	COL:   60	ADDR:    700	DATA:  0
ROW:    1	COL:   61	ADDR:    701	DATA:  0
ROW:    1	COL:   62	ADDR:    702	DATA:  0
ROW:    1	COL:   63	ADDR:    703	DATA:  0
ROW:    1	COL:   64	ADDR:    704	DATA:  0
ROW:    1	COL:   65	ADDR:    705	DATA:  0
ROW:    1	COL:   66	ADDR:    706	DATA:  0
ROW:    1	COL:   67	ADDR:    707	DATA:  0
ROW:    1	COL:   68	ADDR:    708	DATA:  0
ROW:    1	COL:   69	ADDR:    709	DATA:  0
ROW:    1	COL:   70	ADDR:    710	DATA:  0
ROW:    1	COL:   71	ADDR:    711	DATA:  0
ROW:    1	COL:   72	ADDR:    712	DATA:  0
ROW:    1	COL:   73	ADDR:    713	DATA:  0
ROW:    1	COL:   74	ADDR:    714	DATA:  0
ROW:    1	COL:   75	ADDR:    715	DATA:  0
ROW:    1	COL:   76	ADDR:    716	DATA:  0
ROW:    1	COL:   77	ADDR:    717	DATA:  0
ROW:    1	COL:   78	ADDR:    718	DATA:  0
ROW:    1	COL:   79	ADDR:    719	DATA:  0
ROW:    1	COL:   80	ADDR:    720	DATA:  0
ROW:    1	COL:   81	ADDR:    721	DATA:  0
ROW:    1	COL:   82	ADDR:    722	DATA:  0
ROW:    1	COL:   83	ADDR:    723	DATA:  0
ROW:    1	COL:   84	ADDR:    724	DATA:  0
ROW:    1	COL:   85	ADDR:    725	DATA:  0
ROW:    1	COL:   86	ADDR:    726	DATA:  0
ROW:    1	COL:   87	ADDR:    727	DATA:  0
ROW:    1	COL:   88	ADDR:    728	DATA:  0
ROW:    1	COL:   89	ADDR:    729	DATA:  0
ROW:    1	COL:   90	ADDR:    730	DATA:  0
ROW:    1	COL:   91	ADDR:    731	DATA:  0
ROW:    1	COL:   92	ADDR:    732	DATA:  0
ROW:    1	COL:   93	ADDR:    733	DATA:  0
ROW:    1	COL:   94	ADDR:    734	DATA:  0
ROW:    1	COL:   95	ADDR:    735	DATA:  0
ROW:    1	COL:   96	ADDR:    736	DATA:  0
ROW:    1	COL:   97	ADDR:    737	DATA:  0
ROW:    1	COL:   98	ADDR:    738	DATA:  0
ROW:    1	COL:   99	ADDR:    739	DATA:  0
ROW:    1	COL:  100	ADDR:    740	DATA:  0
ROW:    1	COL:  101	ADDR:    741	DATA:  0
ROW:    1	COL:  102	ADDR:    742	DATA:  0
ROW:    1	COL:  103	ADDR:    743	DATA:  0
ROW:    1	COL:  104	ADDR:    744	DATA:  0
ROW:    1	COL:  105	ADDR:    745	DATA:  0
ROW:    1	COL:  106	ADDR:    746	DATA:  0
ROW:    1	COL:  107	ADDR:    747	DATA:  0
ROW:    1	COL:  108	ADDR:    748	DATA:  0
ROW:    1	COL:  109	ADDR:    749	DATA:  0
ROW:    1	COL:  110	ADDR:    750	DATA:  0
ROW:    1	COL:  111	ADDR:    751	DATA:  0
ROW:    1	COL:  112	ADDR:    752	DATA:  0
ROW:    1	COL:  113	ADDR:    753	DATA:  0
ROW:    1	COL:  114	ADDR:    754	DATA:  0
ROW:    1	COL:  115	ADDR:    755	DATA:  0
ROW:    1	COL:  116	ADDR:    756	DATA:  0
ROW:    1	COL:  117	ADDR:    757	DATA:  0
ROW:    1	COL:  118	ADDR:    758	DATA:  0
ROW:    1	COL:  119	ADDR:    759	DATA:  0
ROW:    1	COL:  120	ADDR:    760	DATA:  0
ROW:    1	COL:  121	ADDR:    761	DATA:  0
ROW:    1	COL:  122	ADDR:    762	DATA:  0
ROW:    1	COL:  123	ADDR:    763	DATA:  0
ROW:    1	COL:  124	ADDR:    764	DATA:  0
ROW:    1	COL:  125	ADDR:    765	DATA:  0
ROW:    1	COL:  126	ADDR:    766	DATA:  0
ROW:    1	COL:  127	ADDR:    767	DATA:  0
ROW:    1	COL:  128	ADDR:    768	DATA:  0
ROW:    1	COL:  129	ADDR:    769	DATA:  0
ROW:    1	COL:  130	ADDR:    770	DATA:  0
ROW:    1	COL:  131	ADDR:    771	DATA:  0
ROW:    1	COL:  132	ADDR:    772	DATA:  0
ROW:    1	COL:  133	ADDR:    773	DATA:  0
ROW:    1	COL:  134	ADDR:    774	DATA:  0
ROW:    1	COL:  135	ADDR:    775	DATA:  0
ROW:    1	COL:  136	ADDR:    776	DATA:  0
ROW:    1	COL:  137	ADDR:    777	DATA:  0
ROW:    1	COL:  138	ADDR:    778	DATA:  0
ROW:    1	COL:  139	ADDR:    779	DATA:  0
ROW:    1	COL:  140	ADDR:    780	DATA:  0
ROW:    1	COL:  141	ADDR:    781	DATA:  0
ROW:    1	COL:  142	ADDR:    782	DATA:  0
ROW:    1	COL:  143	ADDR:    783	DATA:  0
ROW:    1	COL:  144	ADDR:    784	DATA:  0
ROW:    1	COL:  145	ADDR:    785	DATA:  0
ROW:    1	COL:  146	ADDR:    786	DATA:  0
ROW:    1	COL:  147	ADDR:    787	DATA:  0
ROW:    1	COL:  148	ADDR:    788	DATA:  0
ROW:    1	COL:  149	ADDR:    789	DATA:  0
ROW:    1	COL:  150	ADDR:    790	DATA:  0
ROW:    1	COL:  151	ADDR:    791	DATA:  0
ROW:    1	COL:  152	ADDR:    792	DATA:  0
ROW:    1	COL:  153	ADDR:    793	DATA:  0
ROW:    1	COL:  154	ADDR:    794	DATA:  0
ROW:    1	COL:  155	ADDR:    795	DATA:  0
ROW:    1	COL:  156	ADDR:    796	DATA:  0
ROW:    1	COL:  157	ADDR:    797	DATA:  0
ROW:    1	COL:  158	ADDR:    798	DATA:  0
ROW:    1	COL:  159	ADDR:    799	DATA:  0
ROW:    1	COL:  160	ADDR:    800	DATA:  0
ROW:    1	COL:  161	ADDR:    801	DATA:  1
ROW:    1	COL:  162	ADDR:    802	DATA:  1
ROW:    1	COL:  163	ADDR:    803	DATA:  1
ROW:    1	COL:  164	ADDR:    804	DATA:  1
ROW:    1	COL:  165	ADDR:    805	DATA:  1
ROW:    1	COL:  166	ADDR:    806	DATA:  1
ROW:    1	COL:  167	ADDR:    807	DATA:  1
ROW:    1	COL:  168	ADDR:    808	DATA:  1
ROW:    1	COL:  169	ADDR:    809	DATA:  1
ROW:    1	COL:  170	ADDR:    810	DATA:  1
ROW:    1	COL:  171	ADDR:    811	DATA:  1
ROW:    1	COL:  172	ADDR:    812	DATA:  1
ROW:    1	COL:  173	ADDR:    813	DATA:  1
ROW:    1	COL:  174	ADDR:    814	DATA:  1
ROW:    1	COL:  175	ADDR:    815	DATA:  1
ROW:    1	COL:  176	ADDR:    816	DATA:  1
ROW:    1	COL:  177	ADDR:    817	DATA:  1
ROW:    1	COL:  178	ADDR:    818	DATA:  1
ROW:    1	COL:  179	ADDR:    819	DATA:  1
ROW:    1	COL:  180	ADDR:    820	DATA:  1
ROW:    1	COL:  181	ADDR:    821	DATA:  1
ROW:    1	COL:  182	ADDR:    822	DATA:  1
ROW:    1	COL:  183	ADDR:    823	DATA:  1
ROW:    1	COL:  184	ADDR:    824	DATA:  1
ROW:    1	COL:  185	ADDR:    825	DATA:  1
ROW:    1	COL:  186	ADDR:    826	DATA:  1
ROW:    1	COL:  187	ADDR:    827	DATA:  1
ROW:    1	COL:  188	ADDR:    828	DATA:  1
ROW:    1	COL:  189	ADDR:    829	DATA:  1
ROW:    1	COL:  190	ADDR:    830	DATA:  1
ROW:    1	COL:  191	ADDR:    831	DATA:  1
ROW:    1	COL:  192	ADDR:    832	DATA:  1
ROW:    1	COL:  193	ADDR:    833	DATA:  1
ROW:    1	COL:  194	ADDR:    834	DATA:  1
ROW:    1	COL:  195	ADDR:    835	DATA:  1
ROW:    1	COL:  196	ADDR:    836	DATA:  1
ROW:    1	COL:  197	ADDR:    837	DATA:  1
ROW:    1	COL:  198	ADDR:    838	DATA:  1
ROW:    1	COL:  199	ADDR:    839	DATA:  1
ROW:    1	COL:  200	ADDR:    840	DATA:  1
ROW:    1	COL:  201	ADDR:    841	DATA:  1
ROW:    1	COL:  202	ADDR:    842	DATA:  1
ROW:    1	COL:  203	ADDR:    843	DATA:  1
ROW:    1	COL:  204	ADDR:    844	DATA:  1
ROW:    1	COL:  205	ADDR:    845	DATA:  1
ROW:    1	COL:  206	ADDR:    846	DATA:  1
ROW:    1	COL:  207	ADDR:    847	DATA:  1
ROW:    1	COL:  208	ADDR:    848	DATA:  1
ROW:    1	COL:  209	ADDR:    849	DATA:  1
ROW:    1	COL:  210	ADDR:    850	DATA:  1
ROW:    1	COL:  211	ADDR:    851	DATA:  1
ROW:    1	COL:  212	ADDR:    852	DATA:  1
ROW:    1	COL:  213	ADDR:    853	DATA:  1
ROW:    1	COL:  214	ADDR:    854	DATA:  1
ROW:    1	COL:  215	ADDR:    855	DATA:  1
ROW:    1	COL:  216	ADDR:    856	DATA:  1
ROW:    1	COL:  217	ADDR:    857	DATA:  1
ROW:    1	COL:  218	ADDR:    858	DATA:  1
ROW:    1	COL:  219	ADDR:    859	DATA:  1
ROW:    1	COL:  220	ADDR:    860	DATA:  1
ROW:    1	COL:  221	ADDR:    861	DATA:  1
ROW:    1	COL:  222	ADDR:    862	DATA:  1
ROW:    1	COL:  223	ADDR:    863	DATA:  1
ROW:    1	COL:  224	ADDR:    864	DATA:  1
ROW:    1	COL:  225	ADDR:    865	DATA:  1
ROW:    1	COL:  226	ADDR:    866	DATA:  1
ROW:    1	COL:  227	ADDR:    867	DATA:  1
ROW:    1	COL:  228	ADDR:    868	DATA:  1
ROW:    1	COL:  229	ADDR:    869	DATA:  1
ROW:    1	COL:  230	ADDR:    870	DATA:  1
ROW:    1	COL:  231	ADDR:    871	DATA:  1
ROW:    1	COL:  232	ADDR:    872	DATA:  1
ROW:    1	COL:  233	ADDR:    873	DATA:  1
ROW:    1	COL:  234	ADDR:    874	DATA:  1
ROW:    1	COL:  235	ADDR:    875	DATA:  1
ROW:    1	COL:  236	ADDR:    876	DATA:  1
ROW:    1	COL:  237	ADDR:    877	DATA:  1
ROW:    1	COL:  238	ADDR:    878	DATA:  1
ROW:    1	COL:  239	ADDR:    879	DATA:  1
ROW:    1	COL:  240	ADDR:    880	DATA:  1
ROW:    1	COL:  241	ADDR:    881	DATA:  1
ROW:    1	COL:  242	ADDR:    882	DATA:  1
ROW:    1	COL:  243	ADDR:    883	DATA:  1
ROW:    1	COL:  244	ADDR:    884	DATA:  1
ROW:    1	COL:  245	ADDR:    885	DATA:  1
ROW:    1	COL:  246	ADDR:    886	DATA:  1
ROW:    1	COL:  247	ADDR:    887	DATA:  1
ROW:    1	COL:  248	ADDR:    888	DATA:  1
ROW:    1	COL:  249	ADDR:    889	DATA:  1
ROW:    1	COL:  250	ADDR:    890	DATA:  1
ROW:    1	COL:  251	ADDR:    891	DATA:  1
ROW:    1	COL:  252	ADDR:    892	DATA:  1
ROW:    1	COL:  253	ADDR:    893	DATA:  1
ROW:    1	COL:  254	ADDR:    894	DATA:  1
ROW:    1	COL:  255	ADDR:    895	DATA:  1
ROW:    1	COL:  256	ADDR:    896	DATA:  1
ROW:    1	COL:  257	ADDR:    897	DATA:  1
ROW:    1	COL:  258	ADDR:    898	DATA:  1
ROW:    1	COL:  259	ADDR:    899	DATA:  1
ROW:    1	COL:  260	ADDR:    900	DATA:  1
ROW:    1	COL:  261	ADDR:    901	DATA:  1
ROW:    1	COL:  262	ADDR:    902	DATA:  1
ROW:    1	COL:  263	ADDR:    903	DATA:  1
ROW:    1	COL:  264	ADDR:    904	DATA:  1
ROW:    1	COL:  265	ADDR:    905	DATA:  1
ROW:    1	COL:  266	ADDR:    906	DATA:  1
ROW:    1	COL:  267	ADDR:    907	DATA:  1
ROW:    1	COL:  268	ADDR:    908	DATA:  1
ROW:    1	COL:  269	ADDR:    909	DATA:  1
ROW:    1	COL:  270	ADDR:    910	DATA:  1
ROW:    1	COL:  271	ADDR:    911	DATA:  1
ROW:    1	COL:  272	ADDR:    912	DATA:  1
ROW:    1	COL:  273	ADDR:    913	DATA:  1
ROW:    1	COL:  274	ADDR:    914	DATA:  1
ROW:    1	COL:  275	ADDR:    915	DATA:  1
ROW:    1	COL:  276	ADDR:    916	DATA:  1
ROW:    1	COL:  277	ADDR:    917	DATA:  1
ROW:    1	COL:  278	ADDR:    918	DATA:  1
ROW:    1	COL:  279	ADDR:    919	DATA:  1
ROW:    1	COL:  280	ADDR:    920	DATA:  1
ROW:    1	COL:  281	ADDR:    921	DATA:  1
ROW:    1	COL:  282	ADDR:    922	DATA:  1
ROW:    1	COL:  283	ADDR:    923	DATA:  1
ROW:    1	COL:  284	ADDR:    924	DATA:  1
ROW:    1	COL:  285	ADDR:    925	DATA:  1
ROW:    1	COL:  286	ADDR:    926	DATA:  1
ROW:    1	COL:  287	ADDR:    927	DATA:  1
ROW:    1	COL:  288	ADDR:    928	DATA:  1
ROW:    1	COL:  289	ADDR:    929	DATA:  1
ROW:    1	COL:  290	ADDR:    930	DATA:  1
ROW:    1	COL:  291	ADDR:    931	DATA:  1
ROW:    1	COL:  292	ADDR:    932	DATA:  1
ROW:    1	COL:  293	ADDR:    933	DATA:  1
ROW:    1	COL:  294	ADDR:    934	DATA:  1
ROW:    1	COL:  295	ADDR:    935	DATA:  1
ROW:    1	COL:  296	ADDR:    936	DATA:  1
ROW:    1	COL:  297	ADDR:    937	DATA:  1
ROW:    1	COL:  298	ADDR:    938	DATA:  1
ROW:    1	COL:  299	ADDR:    939	DATA:  1
ROW:    1	COL:  300	ADDR:    940	DATA:  1
ROW:    1	COL:  301	ADDR:    941	DATA:  1
ROW:    1	COL:  302	ADDR:    942	DATA:  1
ROW:    1	COL:  303	ADDR:    943	DATA:  1
ROW:    1	COL:  304	ADDR:    944	DATA:  1
ROW:    1	COL:  305	ADDR:    945	DATA:  1
ROW:    1	COL:  306	ADDR:    946	DATA:  1
ROW:    1	COL:  307	ADDR:    947	DATA:  1
ROW:    1	COL:  308	ADDR:    948	DATA:  1
ROW:    1	COL:  309	ADDR:    949	DATA:  1
ROW:    1	COL:  310	ADDR:    950	DATA:  1
ROW:    1	COL:  311	ADDR:    951	DATA:  1
ROW:    1	COL:  312	ADDR:    952	DATA:  1
ROW:    1	COL:  313	ADDR:    953	DATA:  1
ROW:    1	COL:  314	ADDR:    954	DATA:  1
ROW:    1	COL:  315	ADDR:    955	DATA:  1
ROW:    1	COL:  316	ADDR:    956	DATA:  1
ROW:    1	COL:  317	ADDR:    957	DATA:  1
ROW:    1	COL:  318	ADDR:    958	DATA:  1
ROW:    1	COL:  319	ADDR:    959	DATA:  1
ROW:    1	COL:  320	ADDR:    960	DATA:  1
ROW:    1	COL:  321	ADDR:    961	DATA:  2
ROW:    1	COL:  322	ADDR:    962	DATA:  2
ROW:    1	COL:  323	ADDR:    963	DATA:  2
ROW:    1	COL:  324	ADDR:    964	DATA:  2
ROW:    1	COL:  325	ADDR:    965	DATA:  2
ROW:    1	COL:  326	ADDR:    966	DATA:  2
ROW:    1	COL:  327	ADDR:    967	DATA:  2
ROW:    1	COL:  328	ADDR:    968	DATA:  2
ROW:    1	COL:  329	ADDR:    969	DATA:  2
ROW:    1	COL:  330	ADDR:    970	DATA:  2
ROW:    1	COL:  331	ADDR:    971	DATA:  2
ROW:    1	COL:  332	ADDR:    972	DATA:  2
ROW:    1	COL:  333	ADDR:    973	DATA:  2
ROW:    1	COL:  334	ADDR:    974	DATA:  2
ROW:    1	COL:  335	ADDR:    975	DATA:  2
ROW:    1	COL:  336	ADDR:    976	DATA:  2
ROW:    1	COL:  337	ADDR:    977	DATA:  2
