Copyright 1986-2018 Xilinx, Inc. All Rights Reserved.
----------------------------------------------------------------------------------------------------------------------------------------------------------------
| Tool Version     : Vivado v.2018.3 (lin64) Build 2405991 Thu Dec  6 23:36:41 MST 2018
| Date             : Thu Oct 31 22:02:48 2019
| Host             : rew-desktop running 64-bit Ubuntu 18.04.3 LTS
| Command          : report_power -file mfp_nexys4_ddr_power_routed.rpt -pb mfp_nexys4_ddr_power_summary_routed.pb -rpx mfp_nexys4_ddr_power_routed.rpx
| Design           : mfp_nexys4_ddr
| Device           : xc7a100tcsg324-1
| Design State     : routed
| Grade            : commercial
| Process          : typical
| Characterization : Production
----------------------------------------------------------------------------------------------------------------------------------------------------------------

Power Report

Table of Contents
-----------------
1. Summary
1.1 On-Chip Components
1.2 Power Supply Summary
1.3 Confidence Level
2. Settings
2.1 Environment
2.2 Clock Constraints
3. Detailed Reports
3.1 By Hierarchy

1. Summary
----------

+--------------------------+--------------+
| Total On-Chip Power (W)  | 0.364        |
| Design Power Budget (W)  | Unspecified* |
| Power Budget Margin (W)  | NA           |
| Dynamic (W)              | 0.262        |
| Device Static (W)        | 0.102        |
| Effective TJA (C/W)      | 4.6          |
| Max Ambient (C)          | 83.3         |
| Junction Temperature (C) | 26.7         |
| Confidence Level         | Low          |
| Setting File             | ---          |
| Simulation Activity File | ---          |
| Design Nets Matched      | NA           |
+--------------------------+--------------+
* Specify Design Power Budget using, set_operating_conditions -design_power_budget <value in Watts>


1.1 On-Chip Components
----------------------

+--------------------------+-----------+----------+-----------+-----------------+
| On-Chip                  | Power (W) | Used     | Available | Utilization (%) |
+--------------------------+-----------+----------+-----------+-----------------+
| Clocks                   |     0.017 |       12 |       --- |             --- |
| Slice Logic              |     0.011 |    22230 |       --- |             --- |
|   LUT as Logic           |     0.011 |    10143 |     63400 |           16.00 |
|   Register               |    <0.001 |     8926 |    126800 |            7.04 |
|   CARRY4                 |    <0.001 |      176 |     15850 |            1.11 |
|   LUT as Distributed RAM |    <0.001 |       30 |     19000 |            0.16 |
|   F7/F8 Muxes            |    <0.001 |      283 |     63400 |            0.45 |
|   BUFG                   |    <0.001 |        1 |        32 |            3.13 |
|   LUT as Shift Register  |    <0.001 |        9 |     19000 |            0.05 |
|   Others                 |     0.000 |     1472 |       --- |             --- |
| Signals                  |     0.022 |    18065 |       --- |             --- |
| Block RAM                |     0.097 |       80 |       135 |           59.26 |
| MMCM                     |     0.100 |        1 |         6 |           16.67 |
| I/O                      |     0.014 |       76 |       210 |           36.19 |
| Static Power             |     0.102 |          |           |                 |
| Total                    |     0.364 |          |           |                 |
+--------------------------+-----------+----------+-----------+-----------------+


1.2 Power Supply Summary
------------------------

+-----------+-------------+-----------+-------------+------------+
| Source    | Voltage (V) | Total (A) | Dynamic (A) | Static (A) |
+-----------+-------------+-----------+-------------+------------+
| Vccint    |       1.000 |     0.158 |       0.140 |      0.018 |
| Vccaux    |       1.800 |     0.074 |       0.056 |      0.018 |
| Vcco33    |       3.300 |     0.008 |       0.004 |      0.004 |
| Vcco25    |       2.500 |     0.000 |       0.000 |      0.000 |
| Vcco18    |       1.800 |     0.000 |       0.000 |      0.000 |
| Vcco15    |       1.500 |     0.000 |       0.000 |      0.000 |
| Vcco135   |       1.350 |     0.000 |       0.000 |      0.000 |
| Vcco12    |       1.200 |     0.000 |       0.000 |      0.000 |
| Vccaux_io |       1.800 |     0.000 |       0.000 |      0.000 |
| Vccbram   |       1.000 |     0.010 |       0.008 |      0.002 |
| MGTAVcc   |       1.000 |     0.000 |       0.000 |      0.000 |
| MGTAVtt   |       1.200 |     0.000 |       0.000 |      0.000 |
| Vccadc    |       1.800 |     0.020 |       0.000 |      0.020 |
+-----------+-------------+-----------+-------------+------------+


1.3 Confidence Level
--------------------

+-----------------------------+------------+--------------------------------------------------------+--------------------------------------------------------------------------------------------------------------------+
| User Input Data             | Confidence | Details                                                | Action                                                                                                             |
+-----------------------------+------------+--------------------------------------------------------+--------------------------------------------------------------------------------------------------------------------+
| Design implementation state | High       | Design is routed                                       |                                                                                                                    |
| Clock nodes activity        | Medium     | More than 5% of clocks are missing user specification  | Provide missing clock activity with a constraint file, simulation results or by editing the "By Clock Domain" view |
| I/O nodes activity          | Low        | More than 75% of inputs are missing user specification | Provide missing input activity with simulation results or by editing the "By Resource Type -> I/Os" view           |
| Internal nodes activity     | Medium     | User specified less than 25% of internal nodes         | Provide missing internal nodes activity with simulation results or by editing the "By Resource Type" views         |
| Device models               | High       | Device models are Production                           |                                                                                                                    |
|                             |            |                                                        |                                                                                                                    |
| Overall confidence level    | Low        |                                                        |                                                                                                                    |
+-----------------------------+------------+--------------------------------------------------------+--------------------------------------------------------------------------------------------------------------------+


2. Settings
-----------

2.1 Environment
---------------

+-----------------------+--------------------------+
| Ambient Temp (C)      | 25.0                     |
| ThetaJA (C/W)         | 4.6                      |
| Airflow (LFM)         | 250                      |
| Heat Sink             | medium (Medium Profile)  |
| ThetaSA (C/W)         | 4.6                      |
| Board Selection       | medium (10"x10")         |
| # of Board Layers     | 12to15 (12 to 15 Layers) |
| Board Temperature (C) | 25.0                     |
+-----------------------+--------------------------+


2.2 Clock Constraints
---------------------

+----------------------+-----------------------------------+-----------------+
| Clock                | Domain                            | Constraint (ns) |
+----------------------+-----------------------------------+-----------------+
| CLK100MHZ            | CLK100MHZ                         |            10.0 |
| clk_out1_clk_wiz_0   | clk_wiz_0/inst/clk_out1_clk_wiz_0 |            20.0 |
| clk_out1_clk_wiz_0_1 | clk_wiz_0/inst/clk_out1_clk_wiz_0 |            20.0 |
| clk_out2_clk_wiz_0   | clk_wiz_0/inst/clk_out2_clk_wiz_0 |            13.3 |
| clk_out2_clk_wiz_0_1 | clk_wiz_0/inst/clk_out2_clk_wiz_0 |            13.3 |
| clkfbout_clk_wiz_0   | clk_wiz_0/inst/clkfbout_clk_wiz_0 |            10.0 |
| clkfbout_clk_wiz_0_1 | clk_wiz_0/inst/clkfbout_clk_wiz_0 |            10.0 |
| sys_clk_pin          | CLK100MHZ                         |            10.0 |
+----------------------+-----------------------------------+-----------------+


3. Detailed Reports
-------------------

3.1 By Hierarchy
----------------

+------------------------+-----------+
| Name                   | Power (W) |
+------------------------+-----------+
| mfp_nexys4_ddr         |     0.262 |
|   clk_wiz_0            |     0.100 |
|     inst               |     0.100 |
|   dtg                  |     0.001 |
|   mfp_sys              |     0.140 |
|     mfp_ahb_withloader |     0.086 |
|       mfp_ahb          |     0.085 |
|     top                |     0.054 |
|       cpu              |     0.053 |
|   rojobot31_0          |     0.003 |
|     inst               |     0.003 |
|       BOTCPU           |     0.002 |
|   world_map            |     0.001 |
+------------------------+-----------+


